<?xml version="1.0" encoding="UTF-8"?>
<!-- Generated by org.testng.reporters.JUnitReportReporter -->
<testsuite hostname="WLW7-TALLURYS" name="lavante.recovery.testsuites.SanityTestSuite" tests="44" failures="1" timestamp="25 Jul 2016 05:52:19 GMT" time="560.765" errors="0">
  <testcase name="verifyCheckRegistryPage" time="4.408" classname="lavante.recovery.testsuites.SanityTestSuite"/>
  <testcase name="verifySetupBUPage" time="4.257" classname="lavante.recovery.testsuites.SanityTestSuite"/>
  <testcase name="verifyBatchingPage" time="21.674" classname="lavante.recovery.testsuites.SanityTestSuite"/>
  <testcase name="verifyBackGroundJobsPage" time="6.714" classname="lavante.recovery.testsuites.SanityTestSuite"/>
  <testcase name="verifyAuditLink" time="12.438" classname="lavante.recovery.testsuites.SanityTestSuite"/>
  <testcase name="verifyAccountUsersPage" time="3.101" classname="lavante.recovery.testsuites.SanityTestSuite"/>
  <testcase name="verifyFinancePage" time="4.005" classname="lavante.recovery.testsuites.SanityTestSuite"/>
  <testcase name="verifyUploadsPage" time="15.118" classname="lavante.recovery.testsuites.SanityTestSuite"/>
  <testcase name="verifySetupClientPage" time="7.298" classname="lavante.recovery.testsuites.SanityTestSuite"/>
  <testcase name="verifyAccountPage" time="4.388" classname="lavante.recovery.testsuites.SanityTestSuite"/>
  <testcase name="verifySetupAuditPage" time="0.032" classname="lavante.recovery.testsuites.SanityTestSuite"/>
  <testcase name="verifySetupManageCurrencyPage" time="7.238" classname="lavante.recovery.testsuites.SanityTestSuite"/>
  <testcase name="verifyDashBoardSupplier" time="9.080" classname="lavante.recovery.testsuites.SanityTestSuite"/>
  <testcase name="verifyPossibleDupesPage" time="20.711" classname="lavante.recovery.testsuites.SanityTestSuite"/>
  <testcase name="verifyConfigTab" time="4.833" classname="lavante.recovery.testsuites.SanityTestSuite"/>
  <testcase name="verifyAccountAuditGroupsPage" time="4.212" classname="lavante.recovery.testsuites.SanityTestSuite"/>
  <testcase name="verifyauditOutboundPage" time="9.008" classname="lavante.recovery.testsuites.SanityTestSuite"/>
  <testcase name="verifyDashBoardClaims" time="2.115" classname="lavante.recovery.testsuites.SanityTestSuite">
    <failure type="java.lang.AssertionError" message="Fail: &#039;batchedClaimslink&#039; is not displayed">
      <![CDATA[java.lang.AssertionError: Fail: 'batchedClaimslink' is not displayed
	at org.testng.Assert.fail(Assert.java:94)
	at lavante.recovery.utilities.Report.fail(Report.java:23)
	at lavante.recovery.utilities.seleniumBaseClass.click(seleniumBaseClass.java:236)
	at lavante.recovery.pageobjects.DashBoard.ClaimsPage.verifyBatchedClaimsLink(ClaimsPage.java:46)
	at lavante.recovery.testsuites.SanityTestSuite.verifyDashBoardClaims(SanityTestSuite.java:74)
	at sun.reflect.NativeMethodAccessorImpl.invoke0(Native Method)
	at sun.reflect.NativeMethodAccessorImpl.invoke(NativeMethodAccessorImpl.java:62)
	at sun.reflect.DelegatingMethodAccessorImpl.invoke(DelegatingMethodAccessorImpl.java:43)
	at java.lang.reflect.Method.invoke(Method.java:497)
	at org.testng.internal.MethodInvocationHelper.invokeMethod(MethodInvocationHelper.java:86)
	at org.testng.internal.Invoker.invokeMethod(Invoker.java:646)
	at org.testng.internal.Invoker.invokeTestMethod(Invoker.java:823)
	at org.testng.internal.Invoker.invokeTestMethods(Invoker.java:1131)
	at org.testng.internal.TestMethodWorker.invokeTestMethods(TestMethodWorker.java:129)
	at org.testng.internal.TestMethodWorker.run(TestMethodWorker.java:112)
	at org.testng.TestRunner.privateRun(TestRunner.java:778)
	at org.testng.TestRunner.run(TestRunner.java:632)
	at org.testng.SuiteRunner.runTest(SuiteRunner.java:366)
	at org.testng.SuiteRunner.runSequentially(SuiteRunner.java:361)
	at org.testng.SuiteRunner.privateRun(SuiteRunner.java:319)
	at org.testng.SuiteRunner.run(SuiteRunner.java:268)
	at org.testng.SuiteRunnerWorker.runSuite(SuiteRunnerWorker.java:52)
	at org.testng.SuiteRunnerWorker.run(SuiteRunnerWorker.java:86)
	at org.testng.TestNG.runSuitesSequentially(TestNG.java:1225)
	at org.testng.TestNG.runSuitesLocally(TestNG.java:1150)
	at org.testng.TestNG.runSuites(TestNG.java:1075)
	at org.testng.TestNG.run(TestNG.java:1047)
	at org.testng.remote.AbstractRemoteTestNG.run(AbstractRemoteTestNG.java:126)
	at org.testng.remote.RemoteTestNG.initAndRun(RemoteTestNG.java:75)
	at org.testng.remote.RemoteTestNG.main(RemoteTestNG.java:46)
]]>
    </failure>
  </testcase> <!-- verifyDashBoardClaims -->
  <testcase name="verifyClaimsPage" time="7.480" classname="lavante.recovery.testsuites.SanityTestSuite"/>
  <testcase name="verifycontactEntryPage" time="7.155" classname="lavante.recovery.testsuites.SanityTestSuite"/>
  <testcase name="verifyHoldsAssignmentsPage" time="17.986" classname="lavante.recovery.testsuites.SanityTestSuite"/>
  <testcase name="verifyOthersPage" time="4.211" classname="lavante.recovery.testsuites.SanityTestSuite"/>
  <testcase name="verifyauditInboundPage" time="61.865" classname="lavante.recovery.testsuites.SanityTestSuite"/>
  <testcase name="verifyFaxJobsPage" time="102.825" classname="lavante.recovery.testsuites.SanityTestSuite"/>
  <testcase name="verifyauditStatisticsAssignmentsPage" time="15.043" classname="lavante.recovery.testsuites.SanityTestSuite"/>
  <testcase name="verifyInvoicePage" time="23.715" classname="lavante.recovery.testsuites.SanityTestSuite"/>
  <testcase name="verifyDashBoardCompliance" time="5.903" classname="lavante.recovery.testsuites.SanityTestSuite"/>
  <testcase name="verifyFinInvoicesPage" time="0.050" classname="lavante.recovery.testsuites.SanityTestSuite"/>
  <testcase name="verifyStatementsAssignmentsPage" time="50.713" classname="lavante.recovery.testsuites.SanityTestSuite"/>
  <testcase name="verifySetupPreferencesPage" time="7.174" classname="lavante.recovery.testsuites.SanityTestSuite"/>
  <testcase name="verifyDashBoardLink" time="7.702" classname="lavante.recovery.testsuites.SanityTestSuite"/>
  <testcase name="verifyInvoicesPage" time="12.087" classname="lavante.recovery.testsuites.SanityTestSuite"/>
  <testcase name="verifyOthersFaxCommentsPage" time="6.302" classname="lavante.recovery.testsuites.SanityTestSuite"/>
  <testcase name="verifyFinContractDetailsPage" time="7.464" classname="lavante.recovery.testsuites.SanityTestSuite"/>
  <testcase name="verifyMailerRegistryPage" time="7.276" classname="lavante.recovery.testsuites.SanityTestSuite"/>
  <testcase name="verifySetupReqLetterPage" time="7.251" classname="lavante.recovery.testsuites.SanityTestSuite"/>
  <testcase name="verifyPhoneExtensionPage" time="7.550" classname="lavante.recovery.testsuites.SanityTestSuite"/>
  <testcase name="verifySetupPage" time="4.273" classname="lavante.recovery.testsuites.SanityTestSuite"/>
  <testcase name="verifySummaryPage" time="11.946" classname="lavante.recovery.testsuites.SanityTestSuite"/>
  <testcase name="verifyAccountNotificationPage" time="4.509" classname="lavante.recovery.testsuites.SanityTestSuite"/>
  <testcase name="verifyCreditsAssignmentsPage" time="18.157" classname="lavante.recovery.testsuites.SanityTestSuite"/>
  <testcase name="verifyCreditrejectionPage" time="7.326" classname="lavante.recovery.testsuites.SanityTestSuite"/>
  <testcase name="verifyAccountUserGroupsPage" time="4.198" classname="lavante.recovery.testsuites.SanityTestSuite"/>
  <testcase name="verifyAssignmentsPage" time="9.974" classname="lavante.recovery.testsuites.SanityTestSuite"/>
</testsuite> <!-- lavante.recovery.testsuites.SanityTestSuite -->
