<?xml version="1.0" encoding="UTF-8"?>
<testng-results skipped="0" failed="0" ignored="0" total="1" passed="1">
  <reporter-output>
    <line>
      <![CDATA[---------------Test Class  :com.lavante.configurator.TestScripts.UserTest,Started at:170926172150--------------------------------------]]>
    </line>
    <line>
      <![CDATA[Test Started at:052205]]>
    </line>
  </reporter-output>
  <suite name="Default suite" duration-ms="86657" started-at="2017-09-26T11:51:40Z" finished-at="2017-09-26T11:53:07Z">
    <groups>
    </groups>
    <test name="Default test" duration-ms="86657" started-at="2017-09-26T11:51:40Z" finished-at="2017-09-26T11:53:07Z">
      <class name="com.lavante.configurator.TestScripts.UserTest">
        <test-method status="PASS" signature="preCondition(java.lang.String, java.lang.String, java.lang.String)[pri:0, instance:com.lavante.configurator.TestScripts.UserTest@5702b3b1]" name="preCondition" is-config="true" duration-ms="24248" started-at="2017-09-26T17:21:40Z" finished-at="2017-09-26T17:22:05Z">
          <params>
            <param index="0">
              <value>
                <![CDATA[Windows]]>
              </value>
            </param>
            <param index="1">
              <value>
                <![CDATA[chrome]]>
              </value>
            </param>
            <param index="2">
              <value>
                <![CDATA[]]>
              </value>
            </param>
          </params>
          <reporter-output>
            <line>
              <![CDATA[---------------Test Class  :com.lavante.configurator.TestScripts.UserTest,Started at:170926172150--------------------------------------]]>
            </line>
          </reporter-output>
        </test-method> <!-- preCondition -->
        <test-method status="PASS" signature="AddEditUser()[pri:1, instance:com.lavante.configurator.TestScripts.UserTest@5702b3b1]" name="AddEditUser" duration-ms="51498" started-at="2017-09-26T17:22:05Z" finished-at="2017-09-26T17:22:56Z">
          <reporter-output>
            <line>
              <![CDATA[Test Started at:052205]]>
            </line>
          </reporter-output>
        </test-method> <!-- AddEditUser -->
        <test-method status="PASS" signature="QuitBrowser()[pri:0, instance:com.lavante.configurator.TestScripts.UserTest@5702b3b1]" name="QuitBrowser" is-config="true" duration-ms="10877" started-at="2017-09-26T17:22:56Z" finished-at="2017-09-26T17:23:07Z">
          <reporter-output>
          </reporter-output>
        </test-method> <!-- QuitBrowser -->
      </class> <!-- com.lavante.configurator.TestScripts.UserTest -->
    </test> <!-- Default test -->
  </suite> <!-- Default suite -->
</testng-results>
