<?xml version="1.0" encoding="UTF-8"?>
<!-- Generated by org.testng.reporters.JUnitReportReporter -->
<testsuite hostname="WLW7-TALLURYS" name="lavante.recovery.testsuites.SanityTestSuite" tests="44" failures="3" timestamp="22 Jul 2016 10:59:35 GMT" time="635.704" errors="0">
  <testcase name="verifyAccountUserGroupsPage" time="4.556" classname="lavante.recovery.testsuites.SanityTestSuite"/>
  <testcase name="verifyAccountPage" time="7.778" classname="lavante.recovery.testsuites.SanityTestSuite"/>
  <testcase name="verifyMailerRegistryPage" time="7.710" classname="lavante.recovery.testsuites.SanityTestSuite"/>
  <testcase name="verifyAssignmentsPage" time="10.939" classname="lavante.recovery.testsuites.SanityTestSuite"/>
  <testcase name="verifyBatchingPage" time="20.271" classname="lavante.recovery.testsuites.SanityTestSuite"/>
  <testcase name="verifyBackGroundJobsPage" time="10.113" classname="lavante.recovery.testsuites.SanityTestSuite"/>
  <testcase name="verifyUploadsPage" time="15.386" classname="lavante.recovery.testsuites.SanityTestSuite"/>
  <testcase name="verifySetupManageCurrencyPage" time="7.479" classname="lavante.recovery.testsuites.SanityTestSuite"/>
  <testcase name="verifyDashBoardCompliance" time="17.852" classname="lavante.recovery.testsuites.SanityTestSuite">
    <failure type="java.lang.AssertionError" message="Fail: &#039;noncompliantLink&#039; is not displayed">
      <![CDATA[java.lang.AssertionError: Fail: 'noncompliantLink' is not displayed
	at org.testng.Assert.fail(Assert.java:94)
	at lavante.recovery.utilities.Report.fail(Report.java:23)
	at lavante.recovery.utilities.seleniumBaseClass.click(seleniumBaseClass.java:236)
	at lavante.recovery.pageobjects.DashBoard.CompliancePage.verifynoncompliantLink(CompliancePage.java:61)
	at lavante.recovery.testsuites.SanityTestSuite.verifyDashBoardCompliance(SanityTestSuite.java:130)
	at sun.reflect.NativeMethodAccessorImpl.invoke0(Native Method)
	at sun.reflect.NativeMethodAccessorImpl.invoke(NativeMethodAccessorImpl.java:62)
	at sun.reflect.DelegatingMethodAccessorImpl.invoke(DelegatingMethodAccessorImpl.java:43)
	at java.lang.reflect.Method.invoke(Method.java:497)
	at org.testng.internal.MethodInvocationHelper.invokeMethod(MethodInvocationHelper.java:86)
	at org.testng.internal.Invoker.invokeMethod(Invoker.java:646)
	at org.testng.internal.Invoker.invokeTestMethod(Invoker.java:823)
	at org.testng.internal.Invoker.invokeTestMethods(Invoker.java:1131)
	at org.testng.internal.TestMethodWorker.invokeTestMethods(TestMethodWorker.java:129)
	at org.testng.internal.TestMethodWorker.run(TestMethodWorker.java:112)
	at org.testng.TestRunner.privateRun(TestRunner.java:778)
	at org.testng.TestRunner.run(TestRunner.java:632)
	at org.testng.SuiteRunner.runTest(SuiteRunner.java:366)
	at org.testng.SuiteRunner.runSequentially(SuiteRunner.java:361)
	at org.testng.SuiteRunner.privateRun(SuiteRunner.java:319)
	at org.testng.SuiteRunner.run(SuiteRunner.java:268)
	at org.testng.SuiteRunnerWorker.runSuite(SuiteRunnerWorker.java:52)
	at org.testng.SuiteRunnerWorker.run(SuiteRunnerWorker.java:86)
	at org.testng.TestNG.runSuitesSequentially(TestNG.java:1225)
	at org.testng.TestNG.runSuitesLocally(TestNG.java:1150)
	at org.testng.TestNG.runSuites(TestNG.java:1075)
	at org.testng.TestNG.run(TestNG.java:1047)
	at org.testng.remote.AbstractRemoteTestNG.run(AbstractRemoteTestNG.java:126)
	at org.testng.remote.RemoteTestNG.initAndRun(RemoteTestNG.java:75)
	at org.testng.remote.RemoteTestNG.main(RemoteTestNG.java:46)
]]>
    </failure>
  </testcase> <!-- verifyDashBoardCompliance -->
  <testcase name="verifyClaimsPage" time="7.602" classname="lavante.recovery.testsuites.SanityTestSuite"/>
  <testcase name="verifyauditOutboundPage" time="9.047" classname="lavante.recovery.testsuites.SanityTestSuite"/>
  <testcase name="verifyCheckRegistryPage" time="4.302" classname="lavante.recovery.testsuites.SanityTestSuite"/>
  <testcase name="verifyFinContractDetailsPage" time="7.834" classname="lavante.recovery.testsuites.SanityTestSuite"/>
  <testcase name="verifyInvoicePage" time="23.457" classname="lavante.recovery.testsuites.SanityTestSuite"/>
  <testcase name="verifyauditInboundPage" time="60.417" classname="lavante.recovery.testsuites.SanityTestSuite"/>
  <testcase name="verifyDashBoardSupplier" time="6.761" classname="lavante.recovery.testsuites.SanityTestSuite">
    <failure type="java.lang.AssertionError" message="Fail: &#039;supplierSpendLink&#039; is not displayed">
      <![CDATA[java.lang.AssertionError: Fail: 'supplierSpendLink' is not displayed
	at org.testng.Assert.fail(Assert.java:94)
	at lavante.recovery.utilities.Report.fail(Report.java:23)
	at lavante.recovery.utilities.seleniumBaseClass.click(seleniumBaseClass.java:236)
	at lavante.recovery.pageobjects.DashBoard.SupplierPage.verifySupplierSpendLink(SupplierPage.java:64)
	at lavante.recovery.testsuites.SanityTestSuite.verifyDashBoardSupplier(SanityTestSuite.java:100)
	at sun.reflect.NativeMethodAccessorImpl.invoke0(Native Method)
	at sun.reflect.NativeMethodAccessorImpl.invoke(NativeMethodAccessorImpl.java:62)
	at sun.reflect.DelegatingMethodAccessorImpl.invoke(DelegatingMethodAccessorImpl.java:43)
	at java.lang.reflect.Method.invoke(Method.java:497)
	at org.testng.internal.MethodInvocationHelper.invokeMethod(MethodInvocationHelper.java:86)
	at org.testng.internal.Invoker.invokeMethod(Invoker.java:646)
	at org.testng.internal.Invoker.invokeTestMethod(Invoker.java:823)
	at org.testng.internal.Invoker.invokeTestMethods(Invoker.java:1131)
	at org.testng.internal.TestMethodWorker.invokeTestMethods(TestMethodWorker.java:129)
	at org.testng.internal.TestMethodWorker.run(TestMethodWorker.java:112)
	at org.testng.TestRunner.privateRun(TestRunner.java:778)
	at org.testng.TestRunner.run(TestRunner.java:632)
	at org.testng.SuiteRunner.runTest(SuiteRunner.java:366)
	at org.testng.SuiteRunner.runSequentially(SuiteRunner.java:361)
	at org.testng.SuiteRunner.privateRun(SuiteRunner.java:319)
	at org.testng.SuiteRunner.run(SuiteRunner.java:268)
	at org.testng.SuiteRunnerWorker.runSuite(SuiteRunnerWorker.java:52)
	at org.testng.SuiteRunnerWorker.run(SuiteRunnerWorker.java:86)
	at org.testng.TestNG.runSuitesSequentially(TestNG.java:1225)
	at org.testng.TestNG.runSuitesLocally(TestNG.java:1150)
	at org.testng.TestNG.runSuites(TestNG.java:1075)
	at org.testng.TestNG.run(TestNG.java:1047)
	at org.testng.remote.AbstractRemoteTestNG.run(AbstractRemoteTestNG.java:126)
	at org.testng.remote.RemoteTestNG.initAndRun(RemoteTestNG.java:75)
	at org.testng.remote.RemoteTestNG.main(RemoteTestNG.java:46)
]]>
    </failure>
  </testcase> <!-- verifyDashBoardSupplier -->
  <testcase name="verifySetupBUPage" time="4.652" classname="lavante.recovery.testsuites.SanityTestSuite"/>
  <testcase name="verifyauditStatisticsAssignmentsPage" time="15.041" classname="lavante.recovery.testsuites.SanityTestSuite"/>
  <testcase name="verifyDashBoardClaims" time="2.357" classname="lavante.recovery.testsuites.SanityTestSuite">
    <failure type="java.lang.AssertionError" message="Fail: &#039;batchedClaimslink&#039; is not displayed">
      <![CDATA[java.lang.AssertionError: Fail: 'batchedClaimslink' is not displayed
	at org.testng.Assert.fail(Assert.java:94)
	at lavante.recovery.utilities.Report.fail(Report.java:23)
	at lavante.recovery.utilities.seleniumBaseClass.click(seleniumBaseClass.java:236)
	at lavante.recovery.pageobjects.DashBoard.ClaimsPage.verifyBatchedClaimsLink(ClaimsPage.java:46)
	at lavante.recovery.testsuites.SanityTestSuite.verifyDashBoardClaims(SanityTestSuite.java:74)
	at sun.reflect.NativeMethodAccessorImpl.invoke0(Native Method)
	at sun.reflect.NativeMethodAccessorImpl.invoke(NativeMethodAccessorImpl.java:62)
	at sun.reflect.DelegatingMethodAccessorImpl.invoke(DelegatingMethodAccessorImpl.java:43)
	at java.lang.reflect.Method.invoke(Method.java:497)
	at org.testng.internal.MethodInvocationHelper.invokeMethod(MethodInvocationHelper.java:86)
	at org.testng.internal.Invoker.invokeMethod(Invoker.java:646)
	at org.testng.internal.Invoker.invokeTestMethod(Invoker.java:823)
	at org.testng.internal.Invoker.invokeTestMethods(Invoker.java:1131)
	at org.testng.internal.TestMethodWorker.invokeTestMethods(TestMethodWorker.java:129)
	at org.testng.internal.TestMethodWorker.run(TestMethodWorker.java:112)
	at org.testng.TestRunner.privateRun(TestRunner.java:778)
	at org.testng.TestRunner.run(TestRunner.java:632)
	at org.testng.SuiteRunner.runTest(SuiteRunner.java:366)
	at org.testng.SuiteRunner.runSequentially(SuiteRunner.java:361)
	at org.testng.SuiteRunner.privateRun(SuiteRunner.java:319)
	at org.testng.SuiteRunner.run(SuiteRunner.java:268)
	at org.testng.SuiteRunnerWorker.runSuite(SuiteRunnerWorker.java:52)
	at org.testng.SuiteRunnerWorker.run(SuiteRunnerWorker.java:86)
	at org.testng.TestNG.runSuitesSequentially(TestNG.java:1225)
	at org.testng.TestNG.runSuitesLocally(TestNG.java:1150)
	at org.testng.TestNG.runSuites(TestNG.java:1075)
	at org.testng.TestNG.run(TestNG.java:1047)
	at org.testng.remote.AbstractRemoteTestNG.run(AbstractRemoteTestNG.java:126)
	at org.testng.remote.RemoteTestNG.initAndRun(RemoteTestNG.java:75)
	at org.testng.remote.RemoteTestNG.main(RemoteTestNG.java:46)
]]>
    </failure>
  </testcase> <!-- verifyDashBoardClaims -->
  <testcase name="verifyAccountAuditGroupsPage" time="6.750" classname="lavante.recovery.testsuites.SanityTestSuite"/>
  <testcase name="verifyFaxJobsPage" time="101.168" classname="lavante.recovery.testsuites.SanityTestSuite"/>
  <testcase name="verifyConfigTab" time="4.497" classname="lavante.recovery.testsuites.SanityTestSuite"/>
  <testcase name="verifyFinInvoicesPage" time="0.046" classname="lavante.recovery.testsuites.SanityTestSuite"/>
  <testcase name="verifyPossibleDupesPage" time="20.329" classname="lavante.recovery.testsuites.SanityTestSuite"/>
  <testcase name="verifyFinancePage" time="4.334" classname="lavante.recovery.testsuites.SanityTestSuite"/>
  <testcase name="verifySummaryPage" time="11.619" classname="lavante.recovery.testsuites.SanityTestSuite"/>
  <testcase name="verifySetupPreferencesPage" time="6.872" classname="lavante.recovery.testsuites.SanityTestSuite"/>
  <testcase name="verifyInvoicesPage" time="11.764" classname="lavante.recovery.testsuites.SanityTestSuite"/>
  <testcase name="verifyStatementsAssignmentsPage" time="102.803" classname="lavante.recovery.testsuites.SanityTestSuite"/>
  <testcase name="verifyDashBoardLink" time="5.575" classname="lavante.recovery.testsuites.SanityTestSuite"/>
  <testcase name="verifyAuditLink" time="14.457" classname="lavante.recovery.testsuites.SanityTestSuite"/>
  <testcase name="verifycontactEntryPage" time="6.295" classname="lavante.recovery.testsuites.SanityTestSuite"/>
  <testcase name="verifyCreditrejectionPage" time="7.636" classname="lavante.recovery.testsuites.SanityTestSuite"/>
  <testcase name="verifyAccountNotificationPage" time="4.761" classname="lavante.recovery.testsuites.SanityTestSuite"/>
  <testcase name="verifyHoldsAssignmentsPage" time="21.534" classname="lavante.recovery.testsuites.SanityTestSuite"/>
  <testcase name="verifyOthersPage" time="4.385" classname="lavante.recovery.testsuites.SanityTestSuite"/>
  <testcase name="verifyCreditsAssignmentsPage" time="22.105" classname="lavante.recovery.testsuites.SanityTestSuite"/>
  <testcase name="verifySetupClientPage" time="7.259" classname="lavante.recovery.testsuites.SanityTestSuite"/>
  <testcase name="verifySetupAuditPage" time="0.035" classname="lavante.recovery.testsuites.SanityTestSuite"/>
  <testcase name="verifyOthersFaxCommentsPage" time="6.050" classname="lavante.recovery.testsuites.SanityTestSuite"/>
  <testcase name="verifyPhoneExtensionPage" time="7.610" classname="lavante.recovery.testsuites.SanityTestSuite"/>
  <testcase name="verifySetupPage" time="3.843" classname="lavante.recovery.testsuites.SanityTestSuite"/>
  <testcase name="verifySetupReqLetterPage" time="7.322" classname="lavante.recovery.testsuites.SanityTestSuite"/>
  <testcase name="verifyAccountUsersPage" time="3.101" classname="lavante.recovery.testsuites.SanityTestSuite"/>
</testsuite> <!-- lavante.recovery.testsuites.SanityTestSuite -->
