<?xml version="1.0" encoding="UTF-8"?>
<!-- Generated by org.testng.reporters.JUnitReportReporter -->
<testsuite hostname="WLW7-TALLURYS" name="lavante.recovery.testsuites.SanityTestSuite" tests="39" failures="1" timestamp="24 Jun 2016 12:14:20 GMT" time="504.523" errors="0">
  <testcase name="verifySummaryPage" time="6.689" classname="lavante.recovery.testsuites.SanityTestSuite"/>
  <testcase name="verifyauditInboundPage" time="61.483" classname="lavante.recovery.testsuites.SanityTestSuite"/>
  <testcase name="verifyAccountNotificationPage" time="6.149" classname="lavante.recovery.testsuites.SanityTestSuite"/>
  <testcase name="verifyOthersFaxCommentsPage" time="5.829" classname="lavante.recovery.testsuites.SanityTestSuite"/>
  <testcase name="verifyCreditrejectionPage" time="6.227" classname="lavante.recovery.testsuites.SanityTestSuite"/>
  <testcase name="verifyBatchingPage" time="20.384" classname="lavante.recovery.testsuites.SanityTestSuite"/>
  <testcase name="verifyFinInvoicesPage" time="0.203" classname="lavante.recovery.testsuites.SanityTestSuite"/>
  <testcase name="verifyDashBoardSupplier" time="21.522" classname="lavante.recovery.testsuites.SanityTestSuite"/>
  <testcase name="verifyInvoicePage" time="22.399" classname="lavante.recovery.testsuites.SanityTestSuite"/>
  <testcase name="verifyAccountPage" time="4.349" classname="lavante.recovery.testsuites.SanityTestSuite"/>
  <testcase name="verifySetupAuditPage" time="0.036" classname="lavante.recovery.testsuites.SanityTestSuite"/>
  <testcase name="verifySetupManageCurrencyPage" time="7.135" classname="lavante.recovery.testsuites.SanityTestSuite"/>
  <testcase name="verifyAccountAuditGroupsPage" time="3.815" classname="lavante.recovery.testsuites.SanityTestSuite"/>
  <testcase name="verifySetupReqLetterPage" time="8.805" classname="lavante.recovery.testsuites.SanityTestSuite"/>
  <testcase name="verifyInvoicesPage" time="11.711" classname="lavante.recovery.testsuites.SanityTestSuite"/>
  <testcase name="verifyOthersPage" time="3.910" classname="lavante.recovery.testsuites.SanityTestSuite"/>
  <testcase name="verifyDashBoardLink" time="6.217" classname="lavante.recovery.testsuites.SanityTestSuite"/>
  <testcase name="verifyAuditLink" time="6.306" classname="lavante.recovery.testsuites.SanityTestSuite"/>
  <testcase name="verifyDashBoardClaims" time="9.146" classname="lavante.recovery.testsuites.SanityTestSuite"/>
  <testcase name="verifyBackGroundJobsPage" time="6.587" classname="lavante.recovery.testsuites.SanityTestSuite"/>
  <testcase name="verifyCheckRegistryPage" time="4.629" classname="lavante.recovery.testsuites.SanityTestSuite"/>
  <testcase name="verifyPossibleDupesPage" time="1.838" classname="lavante.recovery.testsuites.SanityTestSuite">
    <failure type="java.lang.AssertionError" message="Fail: &#039;possibleDupesLink&#039; is not displayed">
      <![CDATA[java.lang.AssertionError: Fail: 'possibleDupesLink' is not displayed
	at org.testng.Assert.fail(Assert.java:94)
	at lavante.recovery.utilities.Report.fail(Report.java:23)
	at lavante.recovery.utilities.seleniumBaseClass.click(seleniumBaseClass.java:220)
	at lavante.recovery.pageobjects.Audit.AuditPossibleDupesPage.verifypossibleDupesLink(AuditPossibleDupesPage.java:19)
	at lavante.recovery.testsuites.SanityTestSuite.verifyPossibleDupesPage(SanityTestSuite.java:316)
	at sun.reflect.NativeMethodAccessorImpl.invoke0(Native Method)
	at sun.reflect.NativeMethodAccessorImpl.invoke(NativeMethodAccessorImpl.java:62)
	at sun.reflect.DelegatingMethodAccessorImpl.invoke(DelegatingMethodAccessorImpl.java:43)
	at java.lang.reflect.Method.invoke(Method.java:497)
	at org.testng.internal.MethodInvocationHelper.invokeMethod(MethodInvocationHelper.java:86)
	at org.testng.internal.Invoker.invokeMethod(Invoker.java:646)
	at org.testng.internal.Invoker.invokeTestMethod(Invoker.java:823)
	at org.testng.internal.Invoker.invokeTestMethods(Invoker.java:1131)
	at org.testng.internal.TestMethodWorker.invokeTestMethods(TestMethodWorker.java:129)
	at org.testng.internal.TestMethodWorker.run(TestMethodWorker.java:112)
	at org.testng.TestRunner.privateRun(TestRunner.java:778)
	at org.testng.TestRunner.run(TestRunner.java:632)
	at org.testng.SuiteRunner.runTest(SuiteRunner.java:366)
	at org.testng.SuiteRunner.runSequentially(SuiteRunner.java:361)
	at org.testng.SuiteRunner.privateRun(SuiteRunner.java:319)
	at org.testng.SuiteRunner.run(SuiteRunner.java:268)
	at org.testng.SuiteRunnerWorker.runSuite(SuiteRunnerWorker.java:52)
	at org.testng.SuiteRunnerWorker.run(SuiteRunnerWorker.java:86)
	at org.testng.TestNG.runSuitesSequentially(TestNG.java:1225)
	at org.testng.TestNG.runSuitesLocally(TestNG.java:1150)
	at org.testng.TestNG.runSuites(TestNG.java:1075)
	at org.testng.TestNG.run(TestNG.java:1047)
	at org.testng.remote.AbstractRemoteTestNG.run(AbstractRemoteTestNG.java:126)
	at org.testng.remote.RemoteTestNG.initAndRun(RemoteTestNG.java:75)
	at org.testng.remote.RemoteTestNG.main(RemoteTestNG.java:46)
]]>
    </failure>
  </testcase> <!-- verifyPossibleDupesPage -->
  <testcase name="verifyFaxJobsPage" time="172.620" classname="lavante.recovery.testsuites.SanityTestSuite"/>
  <testcase name="verifySetupClientPage" time="7.036" classname="lavante.recovery.testsuites.SanityTestSuite"/>
  <testcase name="verifyFinContractDetailsPage" time="6.975" classname="lavante.recovery.testsuites.SanityTestSuite"/>
  <testcase name="verifySetupPage" time="5.000" classname="lavante.recovery.testsuites.SanityTestSuite"/>
  <testcase name="verifycontactEntryPage" time="6.871" classname="lavante.recovery.testsuites.SanityTestSuite"/>
  <testcase name="verifySetupBUPage" time="3.877" classname="lavante.recovery.testsuites.SanityTestSuite"/>
  <testcase name="verifyAccountUserGroupsPage" time="3.983" classname="lavante.recovery.testsuites.SanityTestSuite"/>
  <testcase name="verifyPhoneExtensionPage" time="8.798" classname="lavante.recovery.testsuites.SanityTestSuite"/>
  <testcase name="verifyMailerRegistryPage" time="6.956" classname="lavante.recovery.testsuites.SanityTestSuite"/>
  <testcase name="verifySetupPreferencesPage" time="6.895" classname="lavante.recovery.testsuites.SanityTestSuite"/>
  <testcase name="verifyUploadsPage" time="14.633" classname="lavante.recovery.testsuites.SanityTestSuite"/>
  <testcase name="verifyConfigTab" time="4.214" classname="lavante.recovery.testsuites.SanityTestSuite"/>
  <testcase name="verifyFinancePage" time="3.932" classname="lavante.recovery.testsuites.SanityTestSuite"/>
  <testcase name="verifyDashBoardCompliance" time="10.067" classname="lavante.recovery.testsuites.SanityTestSuite"/>
  <testcase name="verifyauditOutboundPage" time="4.089" classname="lavante.recovery.testsuites.SanityTestSuite"/>
  <testcase name="verifyClaimsPage" time="10.092" classname="lavante.recovery.testsuites.SanityTestSuite"/>
  <testcase name="verifyAccountUsersPage" time="3.116" classname="lavante.recovery.testsuites.SanityTestSuite"/>
</testsuite> <!-- lavante.recovery.testsuites.SanityTestSuite -->
