<?xml version="1.0" encoding="UTF-8"?>
<testsuite name="TestSuite" time="779.71" tests="20" errors="0" skipped="0" failures="7">
  <properties>
[...]
</properties>
  <testcase name="verifyDashBoardClaims" classname="lavante.recovery.testsuites.SanityTestSuite" time="34.508"/>
  <testcase name="verifyDashBoardSupplier" classname="lavante.recovery.testsuites.SanityTestSuite" time="71.844"/>
  <testcase name="verifyDashBoardCompliance" classname="lavante.recovery.testsuites.SanityTestSuite" time="28.425"/>
  <testcase name="verifyauditOutboundPage" classname="lavante.recovery.testsuites.SanityTestSuite" time="30.848"/>
  <testcase name="verifyauditInboundPage" classname="lavante.recovery.testsuites.SanityTestSuite" time="178.331"/>
  <testcase name="verifycontactEntryPage" classname="lavante.recovery.testsuites.SanityTestSuite" time="11.198"/>
  <testcase name="verifyBatchingPage" classname="lavante.recovery.testsuites.SanityTestSuite" time="33.746"/>
  <testcase name="verifyInvoicePage" classname="lavante.recovery.testsuites.SanityTestSuite" time="44.53"/>
  <testcase name="verifyPossibleDupesPage" classname="lavante.recovery.testsuites.SanityTestSuite" time="23.77"/>
  <testcase name="verifySummaryPage" classname="lavante.recovery.testsuites.SanityTestSuite" time="18.142"/>
  <testcase name="verifyCheckRegistryPage" classname="lavante.recovery.testsuites.SanityTestSuite" time="9.757"/>
  <testcase name="verifyClaimsPage" classname="lavante.recovery.testsuites.SanityTestSuite" time="12.002"/>
  <testcase name="verifyInvoicesPage" classname="lavante.recovery.testsuites.SanityTestSuite" time="27.484"/>
  <testcase name="verifyReportsPage" classname="lavante.recovery.testsuites.SanityTestSuite" time="30.147">
    <failure message="Fail: &apos;runBtn&apos; is not displayed" type="java.lang.AssertionError">java.lang.AssertionError: Fail: 'runBtn' is not displayed
	at org.testng.Assert.fail(Assert.java:94)
	at lavante.recovery.utilities.Report.fail(Report.java:20)
	at lavante.recovery.utilities.seleniumBaseClass.click(seleniumBaseClass.java:186)
	at lavante.recovery.pageobjects.ReportsPage.verifyrunBtn(ReportsPage.java:54)
	at lavante.recovery.testsuites.SanityTestSuite.verifyReportsPage(SanityTestSuite.java:385)
</failure>
    <system-out><![CDATA[Pass: 'reportsLink' is clicked
Pass: 'clientLink' is clicked
Pass: 'clientReportLink' is clicked
Fail: 'runBtn' is not displayed
]]></system-out>
  </testcase>
  <testcase name="verifySetupPage" classname="lavante.recovery.testsuites.SanityTestSuite" time="168.747">
    <failure message="Fail: &apos;faxJobsLink&apos; is not displayed" type="java.lang.AssertionError">java.lang.AssertionError: Fail: 'faxJobsLink' is not displayed
	at org.testng.Assert.fail(Assert.java:94)
	at lavante.recovery.utilities.Report.fail(Report.java:20)
	at lavante.recovery.utilities.seleniumBaseClass.click(seleniumBaseClass.java:186)
	at lavante.recovery.pageobjects.Configuration.Jobs.FaxJobPage.verifyFaxJobsLink(FaxJobPage.java:28)
	at lavante.recovery.testsuites.SanityTestSuite.verifySetupPage(SanityTestSuite.java:430)
</failure>
    <system-out><![CDATA[Pass: 'configurationLink' is clicked
Pass: 'setUpLink' is clicked
Pass: 'setUpAuditLink' is clicked
Pass: 'addNewBtn' is displayed
Pass: 'clientLink' is clicked
Pass: 'clientTable' is displayed
Pass: 'businessUnitLink' is clicked
Pass: 'businessUnitTable' is displayed
Pass: 'preferencesLink' is clicked
Pass: 'preferencesTable' is displayed
Pass: 'reqLetterLink' is clicked
Pass: 'reqLetterTable' is displayed
Pass: 'configurationJobsLink' is clicked
Fail: 'faxJobsLink' is not displayed
]]></system-out>
  </testcase>
  <testcase name="verifyHoldsAssignmentsPage" classname="lavante.recovery.testsuites.SanityTestSuite" time="3.01">
    <failure message="Fail: &apos;assignmentsLink&apos; is not displayed" type="java.lang.AssertionError">java.lang.AssertionError: Fail: 'assignmentsLink' is not displayed
	at org.testng.Assert.fail(Assert.java:94)
	at lavante.recovery.utilities.Report.fail(Report.java:20)
	at lavante.recovery.utilities.seleniumBaseClass.click(seleniumBaseClass.java:186)
	at lavante.recovery.pageobjects.Assignments.HoldsPage.verifyAssignmentsLink(HoldsPage.java:18)
	at lavante.recovery.testsuites.SanityTestSuite.verifyHoldsAssignmentsPage(SanityTestSuite.java:527)
</failure>
    <system-out><![CDATA[Fail: 'assignmentsLink' is not displayed
]]></system-out>
  </testcase>
  <testcase name="verifyCreditsAssignmentsPage" classname="lavante.recovery.testsuites.SanityTestSuite" time="3.012">
    <failure message="Fail: &apos;creditsLink&apos; is not displayed" type="java.lang.AssertionError">java.lang.AssertionError: Fail: 'creditsLink' is not displayed
	at org.testng.Assert.fail(Assert.java:94)
	at lavante.recovery.utilities.Report.fail(Report.java:20)
	at lavante.recovery.utilities.seleniumBaseClass.click(seleniumBaseClass.java:186)
	at lavante.recovery.pageobjects.Assignments.CreditsPage.verifycreditsLink(CreditsPage.java:19)
	at lavante.recovery.testsuites.SanityTestSuite.verifyCreditsAssignmentsPage(SanityTestSuite.java:541)
</failure>
    <system-out><![CDATA[Fail: 'creditsLink' is not displayed
]]></system-out>
  </testcase>
  <testcase name="verifyStatementsAssignmentsPage" classname="lavante.recovery.testsuites.SanityTestSuite" time="20.012">
    <failure message="Fail: &apos;statementsLink&apos; is not displayed" type="java.lang.AssertionError">java.lang.AssertionError: Fail: 'statementsLink' is not displayed
	at org.testng.Assert.fail(Assert.java:94)
	at lavante.recovery.utilities.Report.fail(Report.java:20)
	at lavante.recovery.utilities.seleniumBaseClass.click(seleniumBaseClass.java:186)
	at lavante.recovery.pageobjects.Assignments.StatementsPage.verifyStatementsLink(StatementsPage.java:19)
	at lavante.recovery.testsuites.SanityTestSuite.verifyStatementsAssignmentsPage(SanityTestSuite.java:553)
</failure>
    <system-out><![CDATA[Fail: 'statementsLink' is not displayed
]]></system-out>
  </testcase>
  <testcase name="verifyauditStatisticsAssignmentsPage" classname="lavante.recovery.testsuites.SanityTestSuite" time="15.009">
    <failure message="Fail: &apos;auditStatisticsLink&apos; is not displayed" type="java.lang.AssertionError">java.lang.AssertionError: Fail: 'auditStatisticsLink' is not displayed
	at org.testng.Assert.fail(Assert.java:94)
	at lavante.recovery.utilities.Report.fail(Report.java:20)
	at lavante.recovery.utilities.seleniumBaseClass.click(seleniumBaseClass.java:186)
	at lavante.recovery.pageobjects.Assignments.AuditStatisticsPage.verifyauditStatisticsLink(AuditStatisticsPage.java:21)
	at lavante.recovery.testsuites.SanityTestSuite.verifyauditStatisticsAssignmentsPage(SanityTestSuite.java:565)
</failure>
    <system-out><![CDATA[Fail: 'auditStatisticsLink' is not displayed
]]></system-out>
  </testcase>
  <testcase name="clean" classname="lavante.recovery.testsuites.SanityTestSuite" time="15.188">
    <failure message="Session [642d72b9-c0fa-4922-98eb-a1d5abd9df3b] was terminated due to TIMEOUT&#10;Command duration or timeout: 7 milliseconds&#10;Build info: version: &apos;2.52.0&apos;, revision: &apos;4c2593cfc3689a7fcd7be52549167e5ccc93ad28&apos;, time: &apos;2016-02-11 11:22:43&apos;&#10;System info: host: &apos;WLW7-TALLURYS&apos;, ip: &apos;192.168.21.55&apos;, os.name: &apos;Windows 7&apos;, os.arch: &apos;amd64&apos;, os.version: &apos;6.1&apos;, java.version: &apos;1.8.0_40&apos;&#10;Driver info: org.openqa.selenium.remote.RemoteWebDriver&#10;Capabilities [{browserAttachTimeout=0, enablePersistentHover=false, ie.forceCreateProcessApi=false, ie.usePerProcessProxy=false, ignoreZoomSetting=true, handlesAlerts=true, version=11, platform=WINDOWS, nativeEvents=false, ie.ensureCleanSession=false, elementScrollBehavior=0, ie.browserCommandLineSwitches=, webdriver.remote.sessionid=642d72b9-c0fa-4922-98eb-a1d5abd9df3b, requireWindowFocus=false, browserName=internet explorer, initialBrowserUrl=http://localhost:42298/, takesScreenshot=true, javascriptEnabled=true, ignoreProtectedModeSettings=true, enableElementCacheCleanup=true, cssSelectorsEnabled=true, unexpectedAlertBehaviour=dismiss}]&#10;Session ID: 642d72b9-c0fa-4922-98eb-a1d5abd9df3b" type="org.openqa.selenium.WebDriverException">org.openqa.selenium.WebDriverException: Session [642d72b9-c0fa-4922-98eb-a1d5abd9df3b] was terminated due to TIMEOUT
Command duration or timeout: 7 milliseconds
Build info: version: '2.52.0', revision: '4c2593cfc3689a7fcd7be52549167e5ccc93ad28', time: '2016-02-11 11:22:43'
System info: host: 'WLW7-TALLURYS', ip: '192.168.21.55', os.name: 'Windows 7', os.arch: 'amd64', os.version: '6.1', java.version: '1.8.0_40'
Driver info: org.openqa.selenium.remote.RemoteWebDriver
Capabilities [{browserAttachTimeout=0, enablePersistentHover=false, ie.forceCreateProcessApi=false, ie.usePerProcessProxy=false, ignoreZoomSetting=true, handlesAlerts=true, version=11, platform=WINDOWS, nativeEvents=false, ie.ensureCleanSession=false, elementScrollBehavior=0, ie.browserCommandLineSwitches=, webdriver.remote.sessionid=642d72b9-c0fa-4922-98eb-a1d5abd9df3b, requireWindowFocus=false, browserName=internet explorer, initialBrowserUrl=http://localhost:42298/, takesScreenshot=true, javascriptEnabled=true, ignoreProtectedModeSettings=true, enableElementCacheCleanup=true, cssSelectorsEnabled=true, unexpectedAlertBehaviour=dismiss}]
Session ID: 642d72b9-c0fa-4922-98eb-a1d5abd9df3b
	at sun.reflect.NativeConstructorAccessorImpl.newInstance0(Native Method)
	at sun.reflect.NativeConstructorAccessorImpl.newInstance(NativeConstructorAccessorImpl.java:62)
	at sun.reflect.DelegatingConstructorAccessorImpl.newInstance(DelegatingConstructorAccessorImpl.java:45)
	at java.lang.reflect.Constructor.newInstance(Constructor.java:422)
	at org.openqa.selenium.remote.ErrorHandler.createThrowable(ErrorHandler.java:206)
	at org.openqa.selenium.remote.ErrorHandler.throwIfResponseFailed(ErrorHandler.java:158)
	at org.openqa.selenium.remote.RemoteWebDriver.execute(RemoteWebDriver.java:678)
	at org.openqa.selenium.remote.RemoteWebDriver.execute(RemoteWebDriver.java:701)
	at org.openqa.selenium.remote.RemoteWebDriver.quit(RemoteWebDriver.java:526)
	at lavante.recovery.utilities.seleniumBaseClass.quitBrowser(seleniumBaseClass.java:72)
	at lavante.recovery.testsuites.SanityTestSuite.clean(SanityTestSuite.java:573)
Caused by: org.openqa.selenium.WebDriverException: Session [642d72b9-c0fa-4922-98eb-a1d5abd9df3b] was terminated due to TIMEOUT
Build info: version: '2.52.0', revision: '4c2593cfc3689a7fcd7be52549167e5ccc93ad28', time: '2016-02-11 11:22:43'
System info: host: 'WLW7-TALLURYS', ip: '192.168.21.55', os.name: 'Windows 7', os.arch: 'amd64', os.version: '6.1', java.version: '1.8.0_40'
Driver info: driver.version: unknown
	at org.openqa.grid.internal.ActiveTestSessions.getExistingSession(ActiveTestSessions.java:105)
	at org.openqa.grid.internal.Registry.getExistingSession(Registry.java:425)
	at org.openqa.grid.web.servlet.handler.RequestHandler.getSession(RequestHandler.java:240)
	at org.openqa.grid.web.servlet.handler.RequestHandler.process(RequestHandler.java:120)
	at org.openqa.grid.web.servlet.DriverServlet.process(DriverServlet.java:83)
	at org.openqa.grid.web.servlet.DriverServlet.doDelete(DriverServlet.java:73)
	at javax.servlet.http.HttpServlet.service(HttpServlet.java:713)
	at javax.servlet.http.HttpServlet.service(HttpServlet.java:790)
	at org.seleniumhq.jetty9.servlet.ServletHolder.handle(ServletHolder.java:808)
	at org.seleniumhq.jetty9.servlet.ServletHandler.doHandle(ServletHandler.java:587)
	at org.seleniumhq.jetty9.server.session.SessionHandler.doHandle(SessionHandler.java:221)
	at org.seleniumhq.jetty9.server.handler.ContextHandler.doHandle(ContextHandler.java:1127)
	at org.seleniumhq.jetty9.servlet.ServletHandler.doScope(ServletHandler.java:515)
	at org.seleniumhq.jetty9.server.session.SessionHandler.doScope(SessionHandler.java:185)
	at org.seleniumhq.jetty9.server.handler.ContextHandler.doScope(ContextHandler.java:1061)
	at org.seleniumhq.jetty9.server.handler.ScopedHandler.handle(ScopedHandler.java:141)
	at org.seleniumhq.jetty9.server.handler.HandlerWrapper.handle(HandlerWrapper.java:97)
	at org.seleniumhq.jetty9.server.Server.handle(Server.java:499)
	at org.seleniumhq.jetty9.server.HttpChannel.handle(HttpChannel.java:310)
	at org.seleniumhq.jetty9.server.HttpConnection.onFillable(HttpConnection.java:257)
	at org.seleniumhq.jetty9.io.AbstractConnection$2.run(AbstractConnection.java:540)
	at org.seleniumhq.jetty9.util.thread.QueuedThreadPool.runJob(QueuedThreadPool.java:635)
	at org.seleniumhq.jetty9.util.thread.QueuedThreadPool$3.run(QueuedThreadPool.java:555)
	at java.lang.Thread.run(Unknown Source)
</failure>
  </testcase>
</testsuite>