<?xml version="1.0" encoding="UTF-8"?>
<testsuite name="TestSuite" time="184.706" tests="6" errors="0" skipped="0" failures="3">
  <properties>
[...]
</properties>
  <testcase name="verifyDashBoardClaims" classname="lavante.recovery.testsuites.SanityTestSuite" time="16.787"/>
  <testcase name="verifyDashBoardSupplier" classname="lavante.recovery.testsuites.SanityTestSuite" time="28.458"/>
  <testcase name="verifyDashBoardCompliance" classname="lavante.recovery.testsuites.SanityTestSuite" time="15.772"/>
  <testcase name="verifyauditOutboundPage" classname="lavante.recovery.testsuites.SanityTestSuite" time="27.54">
    <failure message="Fail: &apos;furureCreditsGrph&apos; is not displayedUnable to locate element: {&quot;method&quot;:&quot;css selector&quot;,&quot;selector&quot;:&quot;#recKHf77UU&quot;}&#10;For documentation on this error, please visit: http://seleniumhq.org/exceptions/no_such_element.html&#10;Build info: version: &apos;2.52.0&apos;, revision: &apos;4c2593c&apos;, time: &apos;2016-02-11 19:06:42&apos;&#10;System info: host: &apos;WSR12LAVAQA01&apos;, ip: &apos;192.168.21.81&apos;, os.name: &apos;Windows Server 2012 R2&apos;, os.arch: &apos;amd64&apos;, os.version: &apos;6.3&apos;, java.version: &apos;1.8.0_40&apos;&#10;Driver info: driver.version: unknown&#10;Command duration or timeout: 10.38 seconds&#10;For documentation on this error, please visit: http://seleniumhq.org/exceptions/no_such_element.html&#10;Build info: version: &apos;2.52.0&apos;, revision: &apos;4c2593cfc3689a7fcd7be52549167e5ccc93ad28&apos;, time: &apos;2016-02-11 11:22:43&apos;&#10;System info: host: &apos;WLW7-TALLURYS&apos;, ip: &apos;192.168.21.55&apos;, os.name: &apos;Windows 7&apos;, os.arch: &apos;amd64&apos;, os.version: &apos;6.1&apos;, java.version: &apos;1.8.0_40&apos;&#10;Driver info: org.openqa.selenium.remote.RemoteWebDriver&#10;Capabilities [{applicationCacheEnabled=true, rotatable=false, handlesAlerts=true, databaseEnabled=true, version=44.0, platform=WINDOWS, nativeEvents=false, acceptSslCerts=true, webdriver.remote.sessionid=2a88b797-4698-4097-be8a-2b4fea75669e, webStorageEnabled=true, locationContextEnabled=true, browserName=firefox, takesScreenshot=true, javascriptEnabled=true, cssSelectorsEnabled=true}]&#10;Session ID: 2a88b797-4698-4097-be8a-2b4fea75669e&#10;*** Element info: {Using=css selector, value=#recKHf77UU}" type="java.lang.AssertionError">java.lang.AssertionError: Fail: 'furureCreditsGrph' is not displayedUnable to locate element: {"method":"css selector","selector":"#recKHf77UU"}
For documentation on this error, please visit: http://seleniumhq.org/exceptions/no_such_element.html
Build info: version: '2.52.0', revision: '4c2593c', time: '2016-02-11 19:06:42'
System info: host: 'WSR12LAVAQA01', ip: '192.168.21.81', os.name: 'Windows Server 2012 R2', os.arch: 'amd64', os.version: '6.3', java.version: '1.8.0_40'
Driver info: driver.version: unknown
Command duration or timeout: 10.38 seconds
For documentation on this error, please visit: http://seleniumhq.org/exceptions/no_such_element.html
Build info: version: '2.52.0', revision: '4c2593cfc3689a7fcd7be52549167e5ccc93ad28', time: '2016-02-11 11:22:43'
System info: host: 'WLW7-TALLURYS', ip: '192.168.21.55', os.name: 'Windows 7', os.arch: 'amd64', os.version: '6.1', java.version: '1.8.0_40'
Driver info: org.openqa.selenium.remote.RemoteWebDriver
Capabilities [{applicationCacheEnabled=true, rotatable=false, handlesAlerts=true, databaseEnabled=true, version=44.0, platform=WINDOWS, nativeEvents=false, acceptSslCerts=true, webdriver.remote.sessionid=2a88b797-4698-4097-be8a-2b4fea75669e, webStorageEnabled=true, locationContextEnabled=true, browserName=firefox, takesScreenshot=true, javascriptEnabled=true, cssSelectorsEnabled=true}]
Session ID: 2a88b797-4698-4097-be8a-2b4fea75669e
*** Element info: {Using=css selector, value=#recKHf77UU}
	at org.testng.Assert.fail(Assert.java:94)
	at lavante.recovery.utilities.Report.fail(Report.java:20)
	at lavante.recovery.utilities.seleniumBaseClass.isDisplayed(seleniumBaseClass.java:202)
	at lavante.recovery.pageobjects.Audit.AuditOutboundPage.verifyfurureCreditsGrph(AuditOutboundPage.java:61)
	at lavante.recovery.testsuites.SanityTestSuite.verifyauditOutboundPage(SanityTestSuite.java:140)
</failure>
    <system-out><![CDATA[Pass: 'auditLink' is clicked
Pass: 'auditLink' is displayed
Pass: 'outboundLink' is clicked
Pass: 'outboundLink' is displayed
Pass: 'currentMonCredits' is displayed
Pass: 'auditContactDetails' is displayed
Fail: 'furureCreditsGrph' is not displayedUnable to locate element: {"method":"css selector","selector":"#recKHf77UU"}
For documentation on this error, please visit: http://seleniumhq.org/exceptions/no_such_element.html
Build info: version: '2.52.0', revision: '4c2593c', time: '2016-02-11 19:06:42'
System info: host: 'WSR12LAVAQA01', ip: '192.168.21.81', os.name: 'Windows Server 2012 R2', os.arch: 'amd64', os.version: '6.3', java.version: '1.8.0_40'
Driver info: driver.version: unknown
Command duration or timeout: 10.38 seconds
For documentation on this error, please visit: http://seleniumhq.org/exceptions/no_such_element.html
Build info: version: '2.52.0', revision: '4c2593cfc3689a7fcd7be52549167e5ccc93ad28', time: '2016-02-11 11:22:43'
System info: host: 'WLW7-TALLURYS', ip: '192.168.21.55', os.name: 'Windows 7', os.arch: 'amd64', os.version: '6.1', java.version: '1.8.0_40'
Driver info: org.openqa.selenium.remote.RemoteWebDriver
Capabilities [{applicationCacheEnabled=true, rotatable=false, handlesAlerts=true, databaseEnabled=true, version=44.0, platform=WINDOWS, nativeEvents=false, acceptSslCerts=true, webdriver.remote.sessionid=2a88b797-4698-4097-be8a-2b4fea75669e, webStorageEnabled=true, locationContextEnabled=true, browserName=firefox, takesScreenshot=true, javascriptEnabled=true, cssSelectorsEnabled=true}]
Session ID: 2a88b797-4698-4097-be8a-2b4fea75669e
*** Element info: {Using=css selector, value=#recKHf77UU}
]]></system-out>
  </testcase>
  <testcase name="verifyauditInboundPage" classname="lavante.recovery.testsuites.SanityTestSuite" time="81.029">
    <failure message="Fail: &apos;checksTable&apos; is not displayedElement not found in the cache - perhaps the page has changed since it was looked up&#10;For documentation on this error, please visit: http://seleniumhq.org/exceptions/stale_element_reference.html&#10;Build info: version: &apos;2.52.0&apos;, revision: &apos;4c2593c&apos;, time: &apos;2016-02-11 19:06:42&apos;&#10;System info: host: &apos;WSR12LAVAQA01&apos;, ip: &apos;192.168.21.81&apos;, os.name: &apos;Windows Server 2012 R2&apos;, os.arch: &apos;amd64&apos;, os.version: &apos;6.3&apos;, java.version: &apos;1.8.0_40&apos;&#10;Driver info: driver.version: unknown&#10;Command duration or timeout: 10.77 seconds&#10;For documentation on this error, please visit: http://seleniumhq.org/exceptions/stale_element_reference.html&#10;Build info: version: &apos;2.52.0&apos;, revision: &apos;4c2593cfc3689a7fcd7be52549167e5ccc93ad28&apos;, time: &apos;2016-02-11 11:22:43&apos;&#10;System info: host: &apos;WLW7-TALLURYS&apos;, ip: &apos;192.168.21.55&apos;, os.name: &apos;Windows 7&apos;, os.arch: &apos;amd64&apos;, os.version: &apos;6.1&apos;, java.version: &apos;1.8.0_40&apos;&#10;Driver info: org.openqa.selenium.remote.RemoteWebDriver&#10;Capabilities [{applicationCacheEnabled=true, rotatable=false, handlesAlerts=true, databaseEnabled=true, version=44.0, platform=WINDOWS, nativeEvents=false, acceptSslCerts=true, webdriver.remote.sessionid=2a88b797-4698-4097-be8a-2b4fea75669e, webStorageEnabled=true, locationContextEnabled=true, browserName=firefox, takesScreenshot=true, javascriptEnabled=true, cssSelectorsEnabled=true}]&#10;Session ID: 2a88b797-4698-4097-be8a-2b4fea75669e" type="java.lang.AssertionError">java.lang.AssertionError: Fail: 'checksTable' is not displayedElement not found in the cache - perhaps the page has changed since it was looked up
For documentation on this error, please visit: http://seleniumhq.org/exceptions/stale_element_reference.html
Build info: version: '2.52.0', revision: '4c2593c', time: '2016-02-11 19:06:42'
System info: host: 'WSR12LAVAQA01', ip: '192.168.21.81', os.name: 'Windows Server 2012 R2', os.arch: 'amd64', os.version: '6.3', java.version: '1.8.0_40'
Driver info: driver.version: unknown
Command duration or timeout: 10.77 seconds
For documentation on this error, please visit: http://seleniumhq.org/exceptions/stale_element_reference.html
Build info: version: '2.52.0', revision: '4c2593cfc3689a7fcd7be52549167e5ccc93ad28', time: '2016-02-11 11:22:43'
System info: host: 'WLW7-TALLURYS', ip: '192.168.21.55', os.name: 'Windows 7', os.arch: 'amd64', os.version: '6.1', java.version: '1.8.0_40'
Driver info: org.openqa.selenium.remote.RemoteWebDriver
Capabilities [{applicationCacheEnabled=true, rotatable=false, handlesAlerts=true, databaseEnabled=true, version=44.0, platform=WINDOWS, nativeEvents=false, acceptSslCerts=true, webdriver.remote.sessionid=2a88b797-4698-4097-be8a-2b4fea75669e, webStorageEnabled=true, locationContextEnabled=true, browserName=firefox, takesScreenshot=true, javascriptEnabled=true, cssSelectorsEnabled=true}]
Session ID: 2a88b797-4698-4097-be8a-2b4fea75669e
	at org.testng.Assert.fail(Assert.java:94)
	at lavante.recovery.utilities.Report.fail(Report.java:20)
	at lavante.recovery.utilities.seleniumBaseClass.isDisplayed(seleniumBaseClass.java:202)
	at lavante.recovery.pageobjects.Audit.AuditInboundPage.verifyChecksTable(AuditInboundPage.java:120)
	at lavante.recovery.testsuites.SanityTestSuite.verifyauditInboundPage(SanityTestSuite.java:216)
</failure>
    <system-out><![CDATA[Pass: 'inboundLink' is clicked
Pass: 'inboundLink' is displayed
Pass: 'inboundDocumentStatistics' is displayed
Pass: 'inboundDocumentSummary' is displayed
Pass: 'recognized' is clicked
Pass: 'statements' is clicked
Pass: 'verifications' is clicked
Pass: 'statements' is displayed
Pass: 'verificationsTable' is displayed
Pass: 'checks' is clicked
Pass: 'checksTable' is displayed
Pass: 'correspondence' is clicked
Pass: 'correspondenceTable' is displayed
Pass: 'duplicate' is clicked
Pass: 'duplicateTable' is displayed
Pass: 'profiles' is clicked
Pass: 'profilesTable' is displayed
Pass: 'unrecognized' is clicked
Pass: 'statements' is clicked
Pass: 'verifications' is clicked
Pass: 'statements' is displayed
Pass: 'verificationsTable' is displayed
Pass: 'checks' is clicked
Pass: 'checksTable' is displayed
Pass: 'correspondence' is clicked
Pass: 'correspondenceTable' is displayed
Pass: 'duplicate' is clicked
Pass: 'duplicateTable' is displayed
Pass: 'profiles' is clicked
Pass: 'profilesTable' is displayed
Pass: 'dna' is clicked
Pass: 'statements' is clicked
Pass: 'verifications' is clicked
Pass: 'statements' is displayed
Pass: 'verificationsTable' is displayed
Pass: 'checks' is clicked
Fail: 'checksTable' is not displayedElement not found in the cache - perhaps the page has changed since it was looked up
For documentation on this error, please visit: http://seleniumhq.org/exceptions/stale_element_reference.html
Build info: version: '2.52.0', revision: '4c2593c', time: '2016-02-11 19:06:42'
System info: host: 'WSR12LAVAQA01', ip: '192.168.21.81', os.name: 'Windows Server 2012 R2', os.arch: 'amd64', os.version: '6.3', java.version: '1.8.0_40'
Driver info: driver.version: unknown
Command duration or timeout: 10.77 seconds
For documentation on this error, please visit: http://seleniumhq.org/exceptions/stale_element_reference.html
Build info: version: '2.52.0', revision: '4c2593cfc3689a7fcd7be52549167e5ccc93ad28', time: '2016-02-11 11:22:43'
System info: host: 'WLW7-TALLURYS', ip: '192.168.21.55', os.name: 'Windows 7', os.arch: 'amd64', os.version: '6.1', java.version: '1.8.0_40'
Driver info: org.openqa.selenium.remote.RemoteWebDriver
Capabilities [{applicationCacheEnabled=true, rotatable=false, handlesAlerts=true, databaseEnabled=true, version=44.0, platform=WINDOWS, nativeEvents=false, acceptSslCerts=true, webdriver.remote.sessionid=2a88b797-4698-4097-be8a-2b4fea75669e, webStorageEnabled=true, locationContextEnabled=true, browserName=firefox, takesScreenshot=true, javascriptEnabled=true, cssSelectorsEnabled=true}]
Session ID: 2a88b797-4698-4097-be8a-2b4fea75669e
]]></system-out>
  </testcase>
  <testcase name="verifycontactEntryPage" classname="lavante.recovery.testsuites.SanityTestSuite" time="15.12">
    <failure message="Fail: &apos;supDetailsTable&apos; is not displayedUnable to locate element: {&quot;method&quot;:&quot;css selector&quot;,&quot;selector&quot;:&quot;#dataPageSupplierDetails tr&quot;}&#10;For documentation on this error, please visit: http://seleniumhq.org/exceptions/no_such_element.html&#10;Build info: version: &apos;2.52.0&apos;, revision: &apos;4c2593c&apos;, time: &apos;2016-02-11 19:06:42&apos;&#10;System info: host: &apos;WSR12LAVAQA01&apos;, ip: &apos;192.168.21.81&apos;, os.name: &apos;Windows Server 2012 R2&apos;, os.arch: &apos;amd64&apos;, os.version: &apos;6.3&apos;, java.version: &apos;1.8.0_40&apos;&#10;Driver info: driver.version: unknown&#10;Command duration or timeout: 10.24 seconds&#10;For documentation on this error, please visit: http://seleniumhq.org/exceptions/no_such_element.html&#10;Build info: version: &apos;2.52.0&apos;, revision: &apos;4c2593cfc3689a7fcd7be52549167e5ccc93ad28&apos;, time: &apos;2016-02-11 11:22:43&apos;&#10;System info: host: &apos;WLW7-TALLURYS&apos;, ip: &apos;192.168.21.55&apos;, os.name: &apos;Windows 7&apos;, os.arch: &apos;amd64&apos;, os.version: &apos;6.1&apos;, java.version: &apos;1.8.0_40&apos;&#10;Driver info: org.openqa.selenium.remote.RemoteWebDriver&#10;Capabilities [{applicationCacheEnabled=true, rotatable=false, handlesAlerts=true, databaseEnabled=true, version=44.0, platform=WINDOWS, nativeEvents=false, acceptSslCerts=true, webdriver.remote.sessionid=2a88b797-4698-4097-be8a-2b4fea75669e, webStorageEnabled=true, locationContextEnabled=true, browserName=firefox, takesScreenshot=true, javascriptEnabled=true, cssSelectorsEnabled=true}]&#10;Session ID: 2a88b797-4698-4097-be8a-2b4fea75669e&#10;*** Element info: {Using=css selector, value=#dataPageSupplierDetails tr}" type="java.lang.AssertionError">java.lang.AssertionError: Fail: 'supDetailsTable' is not displayedUnable to locate element: {"method":"css selector","selector":"#dataPageSupplierDetails tr"}
For documentation on this error, please visit: http://seleniumhq.org/exceptions/no_such_element.html
Build info: version: '2.52.0', revision: '4c2593c', time: '2016-02-11 19:06:42'
System info: host: 'WSR12LAVAQA01', ip: '192.168.21.81', os.name: 'Windows Server 2012 R2', os.arch: 'amd64', os.version: '6.3', java.version: '1.8.0_40'
Driver info: driver.version: unknown
Command duration or timeout: 10.24 seconds
For documentation on this error, please visit: http://seleniumhq.org/exceptions/no_such_element.html
Build info: version: '2.52.0', revision: '4c2593cfc3689a7fcd7be52549167e5ccc93ad28', time: '2016-02-11 11:22:43'
System info: host: 'WLW7-TALLURYS', ip: '192.168.21.55', os.name: 'Windows 7', os.arch: 'amd64', os.version: '6.1', java.version: '1.8.0_40'
Driver info: org.openqa.selenium.remote.RemoteWebDriver
Capabilities [{applicationCacheEnabled=true, rotatable=false, handlesAlerts=true, databaseEnabled=true, version=44.0, platform=WINDOWS, nativeEvents=false, acceptSslCerts=true, webdriver.remote.sessionid=2a88b797-4698-4097-be8a-2b4fea75669e, webStorageEnabled=true, locationContextEnabled=true, browserName=firefox, takesScreenshot=true, javascriptEnabled=true, cssSelectorsEnabled=true}]
Session ID: 2a88b797-4698-4097-be8a-2b4fea75669e
*** Element info: {Using=css selector, value=#dataPageSupplierDetails tr}
	at org.testng.Assert.fail(Assert.java:94)
	at lavante.recovery.utilities.Report.fail(Report.java:20)
	at lavante.recovery.utilities.seleniumBaseClass.isDisplayed(seleniumBaseClass.java:202)
	at lavante.recovery.pageobjects.Audit.AuditContactEntryPage.verifysupDetailsTable(AuditContactEntryPage.java:38)
	at lavante.recovery.testsuites.SanityTestSuite.verifycontactEntryPage(SanityTestSuite.java:237)
</failure>
    <system-out><![CDATA[Pass: 'contactEntry' is clicked
Pass: 'docQueueTable' is displayed
Fail: 'supDetailsTable' is not displayedUnable to locate element: {"method":"css selector","selector":"#dataPageSupplierDetails tr"}
For documentation on this error, please visit: http://seleniumhq.org/exceptions/no_such_element.html
Build info: version: '2.52.0', revision: '4c2593c', time: '2016-02-11 19:06:42'
System info: host: 'WSR12LAVAQA01', ip: '192.168.21.81', os.name: 'Windows Server 2012 R2', os.arch: 'amd64', os.version: '6.3', java.version: '1.8.0_40'
Driver info: driver.version: unknown
Command duration or timeout: 10.24 seconds
For documentation on this error, please visit: http://seleniumhq.org/exceptions/no_such_element.html
Build info: version: '2.52.0', revision: '4c2593cfc3689a7fcd7be52549167e5ccc93ad28', time: '2016-02-11 11:22:43'
System info: host: 'WLW7-TALLURYS', ip: '192.168.21.55', os.name: 'Windows 7', os.arch: 'amd64', os.version: '6.1', java.version: '1.8.0_40'
Driver info: org.openqa.selenium.remote.RemoteWebDriver
Capabilities [{applicationCacheEnabled=true, rotatable=false, handlesAlerts=true, databaseEnabled=true, version=44.0, platform=WINDOWS, nativeEvents=false, acceptSslCerts=true, webdriver.remote.sessionid=2a88b797-4698-4097-be8a-2b4fea75669e, webStorageEnabled=true, locationContextEnabled=true, browserName=firefox, takesScreenshot=true, javascriptEnabled=true, cssSelectorsEnabled=true}]
Session ID: 2a88b797-4698-4097-be8a-2b4fea75669e
*** Element info: {Using=css selector, value=#dataPageSupplierDetails tr}
]]></system-out>
  </testcase>
</testsuite>