<?xml version="1.0" encoding="UTF-8"?>
<!-- Generated by org.testng.reporters.JUnitReportReporter -->
<testsuite hostname="WLW7-TALLURYS" name="lavante.recovery.testsuites.SanityTestSuite" tests="45" failures="3" timestamp="27 Jul 2016 06:36:22 GMT" time="581.029" errors="2">
  <testcase name="verifyAccountAuditGroupsPage" time="4.028" classname="lavante.recovery.testsuites.SanityTestSuite"/>
  <testcase name="verifySetupReqLetterPage" time="7.072" classname="lavante.recovery.testsuites.SanityTestSuite"/>
  <testcase name="verifyHoldsAssignmentsPage" time="16.992" classname="lavante.recovery.testsuites.SanityTestSuite"/>
  <testcase name="verifyReportsPage" time="5.083" classname="lavante.recovery.testsuites.SanityTestSuite"/>
  <testcase name="verifyFaxJobsPage" time="101.963" classname="lavante.recovery.testsuites.SanityTestSuite"/>
  <testcase name="verifyFinContractDetailsPage" time="7.434" classname="lavante.recovery.testsuites.SanityTestSuite"/>
  <testcase name="verifyauditOutboundPage" time="8.575" classname="lavante.recovery.testsuites.SanityTestSuite"/>
  <testcase name="verifySetupBUPage" time="4.045" classname="lavante.recovery.testsuites.SanityTestSuite"/>
  <testcase name="verifyAccountPage" time="4.364" classname="lavante.recovery.testsuites.SanityTestSuite"/>
  <testcase name="verifyBatchingPage" time="20.742" classname="lavante.recovery.testsuites.SanityTestSuite"/>
  <testcase name="verifyMailerRegistryPage" time="7.098" classname="lavante.recovery.testsuites.SanityTestSuite"/>
  <testcase name="verifyPossibleDupesPage" time="20.209" classname="lavante.recovery.testsuites.SanityTestSuite"/>
  <testcase name="verifySetupPage" time="3.943" classname="lavante.recovery.testsuites.SanityTestSuite"/>
  <testcase name="verifyStatementsAssignmentsPage" time="40.952" classname="lavante.recovery.testsuites.SanityTestSuite"/>
  <testcase name="verifySummaryPage" time="8.533" classname="lavante.recovery.testsuites.SanityTestSuite"/>
  <testcase name="verifyBackGroundJobsPage" time="6.735" classname="lavante.recovery.testsuites.SanityTestSuite"/>
  <testcase name="verifyauditInboundPage" time="32.555" classname="lavante.recovery.testsuites.SanityTestSuite">
    <failure type="java.lang.AssertionError" message="Fail: &#039;checksTable&#039; is not displayedstale element reference: element is not attached to the page document
  (Session info: chrome=51.0.2704.106)
  (Driver info: chromedriver=2.14.313457 (3d645c400edf2e2c500566c9aa096063e707c9cf),platform=Windows NT 6.1 SP1 x86_64) (WARNING: The server did not provide any stacktrace information)
Command duration or timeout: 25 milliseconds
For documentation on this error, please visit: http://seleniumhq.org/exceptions/stale_element_reference.html
Build info: version: &#039;2.52.0&#039;, revision: &#039;4c2593cfc3689a7fcd7be52549167e5ccc93ad28&#039;, time: &#039;2016-02-11 11:22:43&#039;
System info: host: &#039;WLW7-TALLURYS&#039;, ip: &#039;192.168.2.80&#039;, os.name: &#039;Windows 7&#039;, os.arch: &#039;amd64&#039;, os.version: &#039;6.1&#039;, java.version: &#039;1.8.0_40&#039;
Driver info: org.openqa.selenium.chrome.ChromeDriver
Capabilities [{applicationCacheEnabled=false, rotatable=false, mobileEmulationEnabled=false, chrome={userDataDir=C:\Users\TALLUR~1.SRI\AppData\Local\Temp\scoped_dir9460_27791}, takesHeapSnapshot=true, databaseEnabled=false, handlesAlerts=true, version=51.0.2704.106, platform=XP, browserConnectionEnabled=false, nativeEvents=true, acceptSslCerts=true, locationContextEnabled=true, webStorageEnabled=true, browserName=chrome, takesScreenshot=true, javascriptEnabled=true, cssSelectorsEnabled=true}]
Session ID: 4bb8099db623f6dd24cb3ca7be6ab937">
      <![CDATA[java.lang.AssertionError: Fail: 'checksTable' is not displayedstale element reference: element is not attached to the page document
  (Session info: chrome=51.0.2704.106)
  (Driver info: chromedriver=2.14.313457 (3d645c400edf2e2c500566c9aa096063e707c9cf),platform=Windows NT 6.1 SP1 x86_64) (WARNING: The server did not provide any stacktrace information)
Command duration or timeout: 25 milliseconds
For documentation on this error, please visit: http://seleniumhq.org/exceptions/stale_element_reference.html
Build info: version: '2.52.0', revision: '4c2593cfc3689a7fcd7be52549167e5ccc93ad28', time: '2016-02-11 11:22:43'
System info: host: 'WLW7-TALLURYS', ip: '192.168.2.80', os.name: 'Windows 7', os.arch: 'amd64', os.version: '6.1', java.version: '1.8.0_40'
Driver info: org.openqa.selenium.chrome.ChromeDriver
Capabilities [{applicationCacheEnabled=false, rotatable=false, mobileEmulationEnabled=false, chrome={userDataDir=C:\Users\TALLUR~1.SRI\AppData\Local\Temp\scoped_dir9460_27791}, takesHeapSnapshot=true, databaseEnabled=false, handlesAlerts=true, version=51.0.2704.106, platform=XP, browserConnectionEnabled=false, nativeEvents=true, acceptSslCerts=true, locationContextEnabled=true, webStorageEnabled=true, browserName=chrome, takesScreenshot=true, javascriptEnabled=true, cssSelectorsEnabled=true}]
Session ID: 4bb8099db623f6dd24cb3ca7be6ab937
	at org.testng.Assert.fail(Assert.java:94)
	at lavante.recovery.utilities.Report.fail(Report.java:23)
	at lavante.recovery.utilities.seleniumBaseClass.isDisplayed(seleniumBaseClass.java:257)
	at lavante.recovery.pageobjects.Audit.AuditInboundPage.verifyChecksTable(AuditInboundPage.java:126)
	at lavante.recovery.testsuites.SanityTestSuite.verifyauditInboundPage(SanityTestSuite.java:203)
	at sun.reflect.NativeMethodAccessorImpl.invoke0(Native Method)
	at sun.reflect.NativeMethodAccessorImpl.invoke(NativeMethodAccessorImpl.java:62)
	at sun.reflect.DelegatingMethodAccessorImpl.invoke(DelegatingMethodAccessorImpl.java:43)
	at java.lang.reflect.Method.invoke(Method.java:497)
	at org.testng.internal.MethodInvocationHelper.invokeMethod(MethodInvocationHelper.java:86)
	at org.testng.internal.Invoker.invokeMethod(Invoker.java:646)
	at org.testng.internal.Invoker.invokeTestMethod(Invoker.java:823)
	at org.testng.internal.Invoker.invokeTestMethods(Invoker.java:1131)
	at org.testng.internal.TestMethodWorker.invokeTestMethods(TestMethodWorker.java:129)
	at org.testng.internal.TestMethodWorker.run(TestMethodWorker.java:112)
	at org.testng.TestRunner.privateRun(TestRunner.java:778)
	at org.testng.TestRunner.run(TestRunner.java:632)
	at org.testng.SuiteRunner.runTest(SuiteRunner.java:366)
	at org.testng.SuiteRunner.runSequentially(SuiteRunner.java:361)
	at org.testng.SuiteRunner.privateRun(SuiteRunner.java:319)
	at org.testng.SuiteRunner.run(SuiteRunner.java:268)
	at org.testng.SuiteRunnerWorker.runSuite(SuiteRunnerWorker.java:52)
	at org.testng.SuiteRunnerWorker.run(SuiteRunnerWorker.java:86)
	at org.testng.TestNG.runSuitesSequentially(TestNG.java:1225)
	at org.testng.TestNG.runSuitesLocally(TestNG.java:1150)
	at org.testng.TestNG.runSuites(TestNG.java:1075)
	at org.testng.TestNG.run(TestNG.java:1047)
	at org.testng.remote.AbstractRemoteTestNG.run(AbstractRemoteTestNG.java:126)
	at org.testng.remote.RemoteTestNG.initAndRun(RemoteTestNG.java:75)
	at org.testng.remote.RemoteTestNG.main(RemoteTestNG.java:46)
]]>
    </failure>
  </testcase> <!-- verifyauditInboundPage -->
  <testcase name="verifySetupAuditPage" time="0.098" classname="lavante.recovery.testsuites.SanityTestSuite"/>
  <testcase name="verifyCheckRegistryPage" time="5.747" classname="lavante.recovery.testsuites.SanityTestSuite"/>
  <testcase name="verifyOthersFaxCommentsPage" time="6.048" classname="lavante.recovery.testsuites.SanityTestSuite"/>
  <testcase name="verifyPhoneExtensionPage" time="8.018" classname="lavante.recovery.testsuites.SanityTestSuite"/>
  <testcase name="verifySetupPreferencesPage" time="7.037" classname="lavante.recovery.testsuites.SanityTestSuite"/>
  <testcase name="verifyFinancePage" time="3.984" classname="lavante.recovery.testsuites.SanityTestSuite"/>
  <testcase name="verifySetupClientPage" time="7.279" classname="lavante.recovery.testsuites.SanityTestSuite"/>
  <testcase name="verifyClaimsPage" time="33.192" classname="lavante.recovery.testsuites.SanityTestSuite"/>
  <testcase name="verifyDashBoardCompliance" time="2.167" classname="lavante.recovery.testsuites.SanityTestSuite">
    <failure type="java.lang.AssertionError" message="Fail: &#039;complainceLink&#039; is not displayed">
      <![CDATA[java.lang.AssertionError: Fail: 'complainceLink' is not displayed
	at org.testng.Assert.fail(Assert.java:94)
	at lavante.recovery.utilities.Report.fail(Report.java:23)
	at lavante.recovery.utilities.seleniumBaseClass.click(seleniumBaseClass.java:237)
	at lavante.recovery.pageobjects.DashBoard.CompliancePage.verifycomplainceLink(CompliancePage.java:19)
	at lavante.recovery.testsuites.SanityTestSuite.verifyDashBoardCompliance(SanityTestSuite.java:121)
	at sun.reflect.NativeMethodAccessorImpl.invoke0(Native Method)
	at sun.reflect.NativeMethodAccessorImpl.invoke(NativeMethodAccessorImpl.java:62)
	at sun.reflect.DelegatingMethodAccessorImpl.invoke(DelegatingMethodAccessorImpl.java:43)
	at java.lang.reflect.Method.invoke(Method.java:497)
	at org.testng.internal.MethodInvocationHelper.invokeMethod(MethodInvocationHelper.java:86)
	at org.testng.internal.Invoker.invokeMethod(Invoker.java:646)
	at org.testng.internal.Invoker.invokeTestMethod(Invoker.java:823)
	at org.testng.internal.Invoker.invokeTestMethods(Invoker.java:1131)
	at org.testng.internal.TestMethodWorker.invokeTestMethods(TestMethodWorker.java:129)
	at org.testng.internal.TestMethodWorker.run(TestMethodWorker.java:112)
	at org.testng.TestRunner.privateRun(TestRunner.java:778)
	at org.testng.TestRunner.run(TestRunner.java:632)
	at org.testng.SuiteRunner.runTest(SuiteRunner.java:366)
	at org.testng.SuiteRunner.runSequentially(SuiteRunner.java:361)
	at org.testng.SuiteRunner.privateRun(SuiteRunner.java:319)
	at org.testng.SuiteRunner.run(SuiteRunner.java:268)
	at org.testng.SuiteRunnerWorker.runSuite(SuiteRunnerWorker.java:52)
	at org.testng.SuiteRunnerWorker.run(SuiteRunnerWorker.java:86)
	at org.testng.TestNG.runSuitesSequentially(TestNG.java:1225)
	at org.testng.TestNG.runSuitesLocally(TestNG.java:1150)
	at org.testng.TestNG.runSuites(TestNG.java:1075)
	at org.testng.TestNG.run(TestNG.java:1047)
	at org.testng.remote.AbstractRemoteTestNG.run(AbstractRemoteTestNG.java:126)
	at org.testng.remote.RemoteTestNG.initAndRun(RemoteTestNG.java:75)
	at org.testng.remote.RemoteTestNG.main(RemoteTestNG.java:46)
]]>
    </failure>
  </testcase> <!-- verifyDashBoardCompliance -->
  <testcase name="verifyOthersPage" time="4.088" classname="lavante.recovery.testsuites.SanityTestSuite"/>
  <testcase name="verifyAccountNotificationPage" time="4.261" classname="lavante.recovery.testsuites.SanityTestSuite"/>
  <testcase name="verifyConfigTab" time="4.673" classname="lavante.recovery.testsuites.SanityTestSuite"/>
  <testcase name="verifyDashBoardLink" time="44.958" classname="lavante.recovery.testsuites.SanityTestSuite"/>
  <testcase name="verifyAccountUserGroupsPage" time="4.311" classname="lavante.recovery.testsuites.SanityTestSuite"/>
  <testcase name="verifyDashBoardClaims" time="10.861" classname="lavante.recovery.testsuites.SanityTestSuite">
    <error type="org.openqa.selenium.TimeoutException" message="Timed out after 10 seconds waiting for element to be clickable: [[ChromeDriver: chrome on XP (4bb8099db623f6dd24cb3ca7be6ab937)] -&gt; css selector: #claimsTable tr td]
Build info: version: &#039;2.52.0&#039;, revision: &#039;4c2593cfc3689a7fcd7be52549167e5ccc93ad28&#039;, time: &#039;2016-02-11 11:22:43&#039;
System info: host: &#039;WLW7-TALLURYS&#039;, ip: &#039;192.168.2.80&#039;, os.name: &#039;Windows 7&#039;, os.arch: &#039;amd64&#039;, os.version: &#039;6.1&#039;, java.version: &#039;1.8.0_40&#039;
Driver info: org.openqa.selenium.chrome.ChromeDriver
Capabilities [{applicationCacheEnabled=false, rotatable=false, mobileEmulationEnabled=false, chrome={userDataDir=C:\Users\TALLUR~1.SRI\AppData\Local\Temp\scoped_dir9460_27791}, takesHeapSnapshot=true, databaseEnabled=false, handlesAlerts=true, version=51.0.2704.106, platform=XP, browserConnectionEnabled=false, nativeEvents=true, acceptSslCerts=true, locationContextEnabled=true, webStorageEnabled=true, browserName=chrome, takesScreenshot=true, javascriptEnabled=true, cssSelectorsEnabled=true}]
Session ID: 4bb8099db623f6dd24cb3ca7be6ab937">
      <![CDATA[org.openqa.selenium.TimeoutException: Timed out after 10 seconds waiting for element to be clickable: [[ChromeDriver: chrome on XP (4bb8099db623f6dd24cb3ca7be6ab937)] -> css selector: #claimsTable tr td]
Build info: version: '2.52.0', revision: '4c2593cfc3689a7fcd7be52549167e5ccc93ad28', time: '2016-02-11 11:22:43'
System info: host: 'WLW7-TALLURYS', ip: '192.168.2.80', os.name: 'Windows 7', os.arch: 'amd64', os.version: '6.1', java.version: '1.8.0_40'
Driver info: org.openqa.selenium.chrome.ChromeDriver
Capabilities [{applicationCacheEnabled=false, rotatable=false, mobileEmulationEnabled=false, chrome={userDataDir=C:\Users\TALLUR~1.SRI\AppData\Local\Temp\scoped_dir9460_27791}, takesHeapSnapshot=true, databaseEnabled=false, handlesAlerts=true, version=51.0.2704.106, platform=XP, browserConnectionEnabled=false, nativeEvents=true, acceptSslCerts=true, locationContextEnabled=true, webStorageEnabled=true, browserName=chrome, takesScreenshot=true, javascriptEnabled=true, cssSelectorsEnabled=true}]
Session ID: 4bb8099db623f6dd24cb3ca7be6ab937
	at org.openqa.selenium.support.ui.WebDriverWait.timeoutException(WebDriverWait.java:80)
	at org.openqa.selenium.support.ui.FluentWait.until(FluentWait.java:261)
	at lavante.recovery.utilities.seleniumBaseClass.ExplicitWaitforLinksClick(seleniumBaseClass.java:472)
	at lavante.recovery.pageobjects.DashBoard.ClaimsPage.verifyBatchedClaims(ClaimsPage.java:59)
	at lavante.recovery.testsuites.SanityTestSuite.verifyDashBoardClaims(SanityTestSuite.java:73)
	at sun.reflect.NativeMethodAccessorImpl.invoke0(Native Method)
	at sun.reflect.NativeMethodAccessorImpl.invoke(NativeMethodAccessorImpl.java:62)
	at sun.reflect.DelegatingMethodAccessorImpl.invoke(DelegatingMethodAccessorImpl.java:43)
	at java.lang.reflect.Method.invoke(Method.java:497)
	at org.testng.internal.MethodInvocationHelper.invokeMethod(MethodInvocationHelper.java:86)
	at org.testng.internal.Invoker.invokeMethod(Invoker.java:646)
	at org.testng.internal.Invoker.invokeTestMethod(Invoker.java:823)
	at org.testng.internal.Invoker.invokeTestMethods(Invoker.java:1131)
	at org.testng.internal.TestMethodWorker.invokeTestMethods(TestMethodWorker.java:129)
	at org.testng.internal.TestMethodWorker.run(TestMethodWorker.java:112)
	at org.testng.TestRunner.privateRun(TestRunner.java:778)
	at org.testng.TestRunner.run(TestRunner.java:632)
	at org.testng.SuiteRunner.runTest(SuiteRunner.java:366)
	at org.testng.SuiteRunner.runSequentially(SuiteRunner.java:361)
	at org.testng.SuiteRunner.privateRun(SuiteRunner.java:319)
	at org.testng.SuiteRunner.run(SuiteRunner.java:268)
	at org.testng.SuiteRunnerWorker.runSuite(SuiteRunnerWorker.java:52)
	at org.testng.SuiteRunnerWorker.run(SuiteRunnerWorker.java:86)
	at org.testng.TestNG.runSuitesSequentially(TestNG.java:1225)
	at org.testng.TestNG.runSuitesLocally(TestNG.java:1150)
	at org.testng.TestNG.runSuites(TestNG.java:1075)
	at org.testng.TestNG.run(TestNG.java:1047)
	at org.testng.remote.AbstractRemoteTestNG.run(AbstractRemoteTestNG.java:126)
	at org.testng.remote.RemoteTestNG.initAndRun(RemoteTestNG.java:75)
	at org.testng.remote.RemoteTestNG.main(RemoteTestNG.java:46)
]]>
    </error>
  </testcase> <!-- verifyDashBoardClaims -->
  <testcase name="verifyInvoicesPage" time="12.663" classname="lavante.recovery.testsuites.SanityTestSuite"/>
  <testcase name="verifyCreditrejectionPage" time="6.171" classname="lavante.recovery.testsuites.SanityTestSuite"/>
  <testcase name="verifyFinInvoicesPage" time="0.160" classname="lavante.recovery.testsuites.SanityTestSuite"/>
  <testcase name="verifyDashBoardSupplier" time="5.225" classname="lavante.recovery.testsuites.SanityTestSuite">
    <error type="org.openqa.selenium.StaleElementReferenceException" message="stale element reference: element is not attached to the page document
  (Session info: chrome=51.0.2704.106)
  (Driver info: chromedriver=2.14.313457 (3d645c400edf2e2c500566c9aa096063e707c9cf),platform=Windows NT 6.1 SP1 x86_64) (WARNING: The server did not provide any stacktrace information)
Command duration or timeout: 7 milliseconds
For documentation on this error, please visit: http://seleniumhq.org/exceptions/stale_element_reference.html
Build info: version: &#039;2.52.0&#039;, revision: &#039;4c2593cfc3689a7fcd7be52549167e5ccc93ad28&#039;, time: &#039;2016-02-11 11:22:43&#039;
System info: host: &#039;WLW7-TALLURYS&#039;, ip: &#039;192.168.2.80&#039;, os.name: &#039;Windows 7&#039;, os.arch: &#039;amd64&#039;, os.version: &#039;6.1&#039;, java.version: &#039;1.8.0_40&#039;
Driver info: org.openqa.selenium.chrome.ChromeDriver
Capabilities [{applicationCacheEnabled=false, rotatable=false, mobileEmulationEnabled=false, chrome={userDataDir=C:\Users\TALLUR~1.SRI\AppData\Local\Temp\scoped_dir9460_27791}, takesHeapSnapshot=true, databaseEnabled=false, handlesAlerts=true, version=51.0.2704.106, platform=XP, browserConnectionEnabled=false, nativeEvents=true, acceptSslCerts=true, locationContextEnabled=true, webStorageEnabled=true, browserName=chrome, takesScreenshot=true, javascriptEnabled=true, cssSelectorsEnabled=true}]
Session ID: 4bb8099db623f6dd24cb3ca7be6ab937">
      <![CDATA[org.openqa.selenium.StaleElementReferenceException: stale element reference: element is not attached to the page document
  (Session info: chrome=51.0.2704.106)
  (Driver info: chromedriver=2.14.313457 (3d645c400edf2e2c500566c9aa096063e707c9cf),platform=Windows NT 6.1 SP1 x86_64) (WARNING: The server did not provide any stacktrace information)
Command duration or timeout: 7 milliseconds
For documentation on this error, please visit: http://seleniumhq.org/exceptions/stale_element_reference.html
Build info: version: '2.52.0', revision: '4c2593cfc3689a7fcd7be52549167e5ccc93ad28', time: '2016-02-11 11:22:43'
System info: host: 'WLW7-TALLURYS', ip: '192.168.2.80', os.name: 'Windows 7', os.arch: 'amd64', os.version: '6.1', java.version: '1.8.0_40'
Driver info: org.openqa.selenium.chrome.ChromeDriver
Capabilities [{applicationCacheEnabled=false, rotatable=false, mobileEmulationEnabled=false, chrome={userDataDir=C:\Users\TALLUR~1.SRI\AppData\Local\Temp\scoped_dir9460_27791}, takesHeapSnapshot=true, databaseEnabled=false, handlesAlerts=true, version=51.0.2704.106, platform=XP, browserConnectionEnabled=false, nativeEvents=true, acceptSslCerts=true, locationContextEnabled=true, webStorageEnabled=true, browserName=chrome, takesScreenshot=true, javascriptEnabled=true, cssSelectorsEnabled=true}]
Session ID: 4bb8099db623f6dd24cb3ca7be6ab937
	at sun.reflect.NativeConstructorAccessorImpl.newInstance0(Native Method)
	at sun.reflect.NativeConstructorAccessorImpl.newInstance(NativeConstructorAccessorImpl.java:62)
	at sun.reflect.DelegatingConstructorAccessorImpl.newInstance(DelegatingConstructorAccessorImpl.java:45)
	at java.lang.reflect.Constructor.newInstance(Constructor.java:422)
	at org.openqa.selenium.remote.ErrorHandler.createThrowable(ErrorHandler.java:206)
	at org.openqa.selenium.remote.ErrorHandler.throwIfResponseFailed(ErrorHandler.java:158)
	at org.openqa.selenium.remote.RemoteWebDriver.execute(RemoteWebDriver.java:678)
	at org.openqa.selenium.remote.RemoteWebElement.execute(RemoteWebElement.java:327)
	at org.openqa.selenium.remote.RemoteWebElement.isDisplayed(RemoteWebElement.java:368)
	at sun.reflect.GeneratedMethodAccessor1.invoke(Unknown Source)
	at sun.reflect.DelegatingMethodAccessorImpl.invoke(DelegatingMethodAccessorImpl.java:43)
	at java.lang.reflect.Method.invoke(Method.java:497)
	at org.openqa.selenium.support.pagefactory.internal.LocatingElementHandler.invoke(LocatingElementHandler.java:51)
	at com.sun.proxy.$Proxy9.isDisplayed(Unknown Source)
	at org.openqa.selenium.support.ui.ExpectedConditions.elementIfVisible(ExpectedConditions.java:302)
	at org.openqa.selenium.support.ui.ExpectedConditions.access$100(ExpectedConditions.java:41)
	at org.openqa.selenium.support.ui.ExpectedConditions$10.apply(ExpectedConditions.java:288)
	at org.openqa.selenium.support.ui.ExpectedConditions$10.apply(ExpectedConditions.java:285)
	at org.openqa.selenium.support.ui.ExpectedConditions$23.apply(ExpectedConditions.java:696)
	at org.openqa.selenium.support.ui.ExpectedConditions$23.apply(ExpectedConditions.java:689)
	at org.openqa.selenium.support.ui.FluentWait.until(FluentWait.java:238)
	at lavante.recovery.utilities.seleniumBaseClass.ExplicitWaitforLinksClick(seleniumBaseClass.java:472)
	at lavante.recovery.pageobjects.DashBoard.SupplierPage.verifySupplierLink(SupplierPage.java:20)
	at lavante.recovery.testsuites.SanityTestSuite.verifyDashBoardSupplier(SanityTestSuite.java:89)
	at sun.reflect.NativeMethodAccessorImpl.invoke0(Native Method)
	at sun.reflect.NativeMethodAccessorImpl.invoke(NativeMethodAccessorImpl.java:62)
	at sun.reflect.DelegatingMethodAccessorImpl.invoke(DelegatingMethodAccessorImpl.java:43)
	at java.lang.reflect.Method.invoke(Method.java:497)
	at org.testng.internal.MethodInvocationHelper.invokeMethod(MethodInvocationHelper.java:86)
	at org.testng.internal.Invoker.invokeMethod(Invoker.java:646)
	at org.testng.internal.Invoker.invokeTestMethod(Invoker.java:823)
	at org.testng.internal.Invoker.invokeTestMethods(Invoker.java:1131)
	at org.testng.internal.TestMethodWorker.invokeTestMethods(TestMethodWorker.java:129)
	at org.testng.internal.TestMethodWorker.run(TestMethodWorker.java:112)
	at org.testng.TestRunner.privateRun(TestRunner.java:778)
	at org.testng.TestRunner.run(TestRunner.java:632)
	at org.testng.SuiteRunner.runTest(SuiteRunner.java:366)
	at org.testng.SuiteRunner.runSequentially(SuiteRunner.java:361)
	at org.testng.SuiteRunner.privateRun(SuiteRunner.java:319)
	at org.testng.SuiteRunner.run(SuiteRunner.java:268)
	at org.testng.SuiteRunnerWorker.runSuite(SuiteRunnerWorker.java:52)
	at org.testng.SuiteRunnerWorker.run(SuiteRunnerWorker.java:86)
	at org.testng.TestNG.runSuitesSequentially(TestNG.java:1225)
	at org.testng.TestNG.runSuitesLocally(TestNG.java:1150)
	at org.testng.TestNG.runSuites(TestNG.java:1075)
	at org.testng.TestNG.run(TestNG.java:1047)
	at org.testng.remote.AbstractRemoteTestNG.run(AbstractRemoteTestNG.java:126)
	at org.testng.remote.RemoteTestNG.initAndRun(RemoteTestNG.java:75)
	at org.testng.remote.RemoteTestNG.main(RemoteTestNG.java:46)
]]>
    </error>
  </testcase> <!-- verifyDashBoardSupplier -->
  <testcase name="verifySetupManageCurrencyPage" time="7.002" classname="lavante.recovery.testsuites.SanityTestSuite"/>
  <testcase name="verifyAccountUsersPage" time="3.179" classname="lavante.recovery.testsuites.SanityTestSuite"/>
  <testcase name="verifyAuditLink" time="16.134" classname="lavante.recovery.testsuites.SanityTestSuite"/>
  <testcase name="verifyauditStatisticsAssignmentsPage" time="15.079" classname="lavante.recovery.testsuites.SanityTestSuite"/>
  <testcase name="verifyUploadsPage" time="14.950" classname="lavante.recovery.testsuites.SanityTestSuite"/>
  <testcase name="verifycontactEntryPage" time="7.955" classname="lavante.recovery.testsuites.SanityTestSuite"/>
  <testcase name="verifyAssignmentsPage" time="8.068" classname="lavante.recovery.testsuites.SanityTestSuite"/>
  <testcase name="verifyInvoicePage" time="20.399" classname="lavante.recovery.testsuites.SanityTestSuite">
    <failure type="java.lang.AssertionError" message="Fail: &#039;invoicesTable&#039; is not displayedno such element
  (Session info: chrome=51.0.2704.106)
  (Driver info: chromedriver=2.14.313457 (3d645c400edf2e2c500566c9aa096063e707c9cf),platform=Windows NT 6.1 SP1 x86_64) (WARNING: The server did not provide any stacktrace information)
Command duration or timeout: 10.03 seconds
For documentation on this error, please visit: http://seleniumhq.org/exceptions/no_such_element.html
Build info: version: &#039;2.52.0&#039;, revision: &#039;4c2593cfc3689a7fcd7be52549167e5ccc93ad28&#039;, time: &#039;2016-02-11 11:22:43&#039;
System info: host: &#039;WLW7-TALLURYS&#039;, ip: &#039;192.168.2.80&#039;, os.name: &#039;Windows 7&#039;, os.arch: &#039;amd64&#039;, os.version: &#039;6.1&#039;, java.version: &#039;1.8.0_40&#039;
Driver info: org.openqa.selenium.chrome.ChromeDriver
Capabilities [{applicationCacheEnabled=false, rotatable=false, mobileEmulationEnabled=false, chrome={userDataDir=C:\Users\TALLUR~1.SRI\AppData\Local\Temp\scoped_dir9460_27791}, takesHeapSnapshot=true, databaseEnabled=false, handlesAlerts=true, version=51.0.2704.106, platform=XP, browserConnectionEnabled=false, nativeEvents=true, acceptSslCerts=true, locationContextEnabled=true, webStorageEnabled=true, browserName=chrome, takesScreenshot=true, javascriptEnabled=true, cssSelectorsEnabled=true}]
Session ID: 4bb8099db623f6dd24cb3ca7be6ab937
*** Element info: {Using=css selector, value=#Invoice_List tr td}">
      <![CDATA[java.lang.AssertionError: Fail: 'invoicesTable' is not displayedno such element
  (Session info: chrome=51.0.2704.106)
  (Driver info: chromedriver=2.14.313457 (3d645c400edf2e2c500566c9aa096063e707c9cf),platform=Windows NT 6.1 SP1 x86_64) (WARNING: The server did not provide any stacktrace information)
Command duration or timeout: 10.03 seconds
For documentation on this error, please visit: http://seleniumhq.org/exceptions/no_such_element.html
Build info: version: '2.52.0', revision: '4c2593cfc3689a7fcd7be52549167e5ccc93ad28', time: '2016-02-11 11:22:43'
System info: host: 'WLW7-TALLURYS', ip: '192.168.2.80', os.name: 'Windows 7', os.arch: 'amd64', os.version: '6.1', java.version: '1.8.0_40'
Driver info: org.openqa.selenium.chrome.ChromeDriver
Capabilities [{applicationCacheEnabled=false, rotatable=false, mobileEmulationEnabled=false, chrome={userDataDir=C:\Users\TALLUR~1.SRI\AppData\Local\Temp\scoped_dir9460_27791}, takesHeapSnapshot=true, databaseEnabled=false, handlesAlerts=true, version=51.0.2704.106, platform=XP, browserConnectionEnabled=false, nativeEvents=true, acceptSslCerts=true, locationContextEnabled=true, webStorageEnabled=true, browserName=chrome, takesScreenshot=true, javascriptEnabled=true, cssSelectorsEnabled=true}]
Session ID: 4bb8099db623f6dd24cb3ca7be6ab937
*** Element info: {Using=css selector, value=#Invoice_List tr td}
	at org.testng.Assert.fail(Assert.java:94)
	at lavante.recovery.utilities.Report.fail(Report.java:23)
	at lavante.recovery.utilities.seleniumBaseClass.isDisplayed(seleniumBaseClass.java:257)
	at lavante.recovery.pageobjects.Audit.AuditInvoicePage.verifyinvoicesTable(AuditInvoicePage.java:29)
	at lavante.recovery.testsuites.SanityTestSuite.verifyInvoicePage(SanityTestSuite.java:289)
	at sun.reflect.NativeMethodAccessorImpl.invoke0(Native Method)
	at sun.reflect.NativeMethodAccessorImpl.invoke(NativeMethodAccessorImpl.java:62)
	at sun.reflect.DelegatingMethodAccessorImpl.invoke(DelegatingMethodAccessorImpl.java:43)
	at java.lang.reflect.Method.invoke(Method.java:497)
	at org.testng.internal.MethodInvocationHelper.invokeMethod(MethodInvocationHelper.java:86)
	at org.testng.internal.Invoker.invokeMethod(Invoker.java:646)
	at org.testng.internal.Invoker.invokeTestMethod(Invoker.java:823)
	at org.testng.internal.Invoker.invokeTestMethods(Invoker.java:1131)
	at org.testng.internal.TestMethodWorker.invokeTestMethods(TestMethodWorker.java:129)
	at org.testng.internal.TestMethodWorker.run(TestMethodWorker.java:112)
	at org.testng.TestRunner.privateRun(TestRunner.java:778)
	at org.testng.TestRunner.run(TestRunner.java:632)
	at org.testng.SuiteRunner.runTest(SuiteRunner.java:366)
	at org.testng.SuiteRunner.runSequentially(SuiteRunner.java:361)
	at org.testng.SuiteRunner.privateRun(SuiteRunner.java:319)
	at org.testng.SuiteRunner.run(SuiteRunner.java:268)
	at org.testng.SuiteRunnerWorker.runSuite(SuiteRunnerWorker.java:52)
	at org.testng.SuiteRunnerWorker.run(SuiteRunnerWorker.java:86)
	at org.testng.TestNG.runSuitesSequentially(TestNG.java:1225)
	at org.testng.TestNG.runSuitesLocally(TestNG.java:1150)
	at org.testng.TestNG.runSuites(TestNG.java:1075)
	at org.testng.TestNG.run(TestNG.java:1047)
	at org.testng.remote.AbstractRemoteTestNG.run(AbstractRemoteTestNG.java:126)
	at org.testng.remote.RemoteTestNG.initAndRun(RemoteTestNG.java:75)
	at org.testng.remote.RemoteTestNG.main(RemoteTestNG.java:46)
]]>
    </failure>
  </testcase> <!-- verifyInvoicePage -->
  <testcase name="verifyCreditsAssignmentsPage" time="16.999" classname="lavante.recovery.testsuites.SanityTestSuite"/>
</testsuite> <!-- lavante.recovery.testsuites.SanityTestSuite -->
