<?xml version="1.0" encoding="UTF-8"?>
<testsuite name="TestSuite" time="79.026" tests="46" errors="0" skipped="45" failures="1">
  <properties>
    <property name="java.runtime.name" value="Java(TM) SE Runtime Environment"/>
    <property name="sun.boot.library.path" value="C:\Program Files\Java\jdk1.8.0_40\jre\bin"/>
    <property name="java.vm.version" value="25.40-b25"/>
    <property name="java.vm.vendor" value="Oracle Corporation"/>
    <property name="maven.multiModuleProjectDirectory" value="D:\Recovery_Auto_Workspace\Recovery_Automation"/>
    <property name="java.vendor.url" value="http://java.oracle.com/"/>
    <property name="path.separator" value=";"/>
    <property name="guice.disable.misplaced.annotation.check" value="true"/>
    <property name="java.vm.name" value="Java HotSpot(TM) 64-Bit Server VM"/>
    <property name="file.encoding.pkg" value="sun.io"/>
    <property name="user.script" value=""/>
    <property name="user.country" value="IN"/>
    <property name="sun.java.launcher" value="SUN_STANDARD"/>
    <property name="sun.os.patch.level" value="Service Pack 1"/>
    <property name="java.vm.specification.name" value="Java Virtual Machine Specification"/>
    <property name="user.dir" value="D:\Recovery_Auto_Workspace\Recovery_Automation"/>
    <property name="java.runtime.version" value="1.8.0_40-b26"/>
    <property name="java.awt.graphicsenv" value="sun.awt.Win32GraphicsEnvironment"/>
    <property name="java.endorsed.dirs" value="C:\Program Files\Java\jdk1.8.0_40\jre\lib\endorsed"/>
    <property name="os.arch" value="amd64"/>
    <property name="java.io.tmpdir" value="C:\Users\TALLUR~1.SRI\AppData\Local\Temp\"/>
    <property name="line.separator" value="&#10;"/>
    <property name="java.vm.specification.vendor" value="Oracle Corporation"/>
    <property name="user.variant" value=""/>
    <property name="os.name" value="Windows 7"/>
    <property name="classworlds.conf" value="D:\Recovery_Auto_Workspace\.metadata\.plugins\org.eclipse.m2e.launching\launches\m2conf1309860604414778894.tmp"/>
    <property name="sun.jnu.encoding" value="Cp1252"/>
    <property name="java.library.path" value="C:\Program Files\Java\jdk1.8.0_40\bin;C:\Windows\Sun\Java\bin;C:\Windows\system32;C:\Windows;C:/Program Files/Java/jdk1.8.0_40/bin/../jre/bin/server;C:/Program Files/Java/jdk1.8.0_40/bin/../jre/bin;C:/Program Files/Java/jdk1.8.0_40/bin/../jre/lib/amd64;C:\Program Files\Java\jdk1.8.0_40\bin;C:\Program Files\Java\jdk1.8.0_40\jre\bin;C:\ProgramData\Oracle\Java\javapath;C:\Program Files (x86)\Intel\iCLS Client\;C:\Program Files\Intel\iCLS Client\;C:\Windows\system32;C:\Windows;C:\Windows\System32\Wbem;C:\Windows\System32\WindowsPowerShell\v1.0\;C:\Program Files\Intel\WiFi\bin\;C:\Program Files\Common Files\Intel\WirelessCommon\;C:\Program Files\Intel\Intel(R) Management Engine Components\DAL;C:\Program Files (x86)\Intel\Intel(R) Management Engine Components\DAL;C:\Program Files\Intel\Intel(R) Management Engine Components\IPT;C:\Program Files (x86)\Intel\Intel(R) Management Engine Components\IPT;C:\Program Files\TortoiseSVN\bin;D:\Softwares\maven\apache-maven-3.0.4-bin\apache-maven-3.0.4\bin;C:\Program Files (x86)\Skype\Phone\;D:\Selenium_Softwares\eclipse-mars\eclipse-java-mars-R-win32-x86_64;;."/>
    <property name="java.specification.name" value="Java Platform API Specification"/>
    <property name="java.class.version" value="52.0"/>
    <property name="sun.management.compiler" value="HotSpot 64-Bit Tiered Compilers"/>
    <property name="os.version" value="6.1"/>
    <property name="user.home" value="C:\Users\tallury.srikanth"/>
    <property name="user.timezone" value="Asia/Calcutta"/>
    <property name="java.awt.printerjob" value="sun.awt.windows.WPrinterJob"/>
    <property name="java.specification.version" value="1.8"/>
    <property name="file.encoding" value="Cp1252"/>
    <property name="user.name" value="tallury.srikanth"/>
    <property name="java.class.path" value="/D:/Selenium_Softwares/eclipse-mars/eclipse-java-mars-R-win32-x86_64/plugins/org.eclipse.m2e.maven.runtime_1.6.2.20150902-0001/jars/plexus-classworlds-2.5.2.jar"/>
    <property name="java.vm.specification.version" value="1.8"/>
    <property name="sun.arch.data.model" value="64"/>
    <property name="java.home" value="C:\Program Files\Java\jdk1.8.0_40\jre"/>
    <property name="sun.java.command" value="org.codehaus.plexus.classworlds.launcher.Launcher -B test"/>
    <property name="java.specification.vendor" value="Oracle Corporation"/>
    <property name="user.language" value="en"/>
    <property name="awt.toolkit" value="sun.awt.windows.WToolkit"/>
    <property name="java.vm.info" value="mixed mode"/>
    <property name="java.version" value="1.8.0_40"/>
    <property name="java.ext.dirs" value="C:\Program Files\Java\jdk1.8.0_40\jre\lib\ext;C:\Windows\Sun\Java\lib\ext"/>
    <property name="sun.boot.class.path" value="C:\Program Files\Java\jdk1.8.0_40\jre\lib\resources.jar;C:\Program Files\Java\jdk1.8.0_40\jre\lib\rt.jar;C:\Program Files\Java\jdk1.8.0_40\jre\lib\sunrsasign.jar;C:\Program Files\Java\jdk1.8.0_40\jre\lib\jsse.jar;C:\Program Files\Java\jdk1.8.0_40\jre\lib\jce.jar;C:\Program Files\Java\jdk1.8.0_40\jre\lib\charsets.jar;C:\Program Files\Java\jdk1.8.0_40\jre\lib\jfr.jar;C:\Program Files\Java\jdk1.8.0_40\jre\classes"/>
    <property name="java.vendor" value="Oracle Corporation"/>
    <property name="maven.home" value="D:\Recovery_Auto_Workspace\Recovery_Automation\EMBEDDED"/>
    <property name="file.separator" value="\"/>
    <property name="java.vendor.url.bug" value="http://bugreport.sun.com/bugreport/"/>
    <property name="sun.cpu.endian" value="little"/>
    <property name="sun.io.unicode.encoding" value="UnicodeLittle"/>
    <property name="sun.desktop" value="windows"/>
    <property name="sun.cpu.isalist" value="amd64"/>
  </properties>
  <testcase name="preCondition" classname="lavante.recovery.testsuites.SanityTestSuite" time="79.026">
    <failure type="java.lang.NullPointerException:">java.lang.NullPointerException: null
	at org.openqa.selenium.remote.Augmenter.extractRemoteWebDriver(Augmenter.java:66)
	at org.openqa.selenium.remote.BaseAugmenter.augment(BaseAugmenter.java:106)
	at lavante.recovery.utilities.seleniumBaseClass.takeScreenshot(seleniumBaseClass.java:533)
	at lavante.recovery.utilities.Report.fail(Report.java:22)
	at lavante.recovery.utilities.seleniumBaseClass.launchAppThroughPOM(seleniumBaseClass.java:153)
	at lavante.recovery.testsuites.SanityTestSuite.preCondition(SanityTestSuite.java:34)
</failure>
    <system-out><![CDATA[Pass: Confiig filejava.io.FileInputStream@51081592found
Capabilities [{applicationCacheEnabled=false, ensureCleanSession=true, nativeEvents=false, acceptSslCerts=true, browserName=internet explorer, javascriptEnabled=true, ignoreZoomSetting=true, handlesAlerts=true, version=, platform=WINDOWS, unexpectedAlertBehaviour=true}]
Info: Broweser Parameters : Browser : internet explorer, Version :10
Info: Remote Parameters : RemoteURL : http://192.168.21.20:4445, RemoteExecution :true
Fail: Application is not Launched.Unexpected error launching Internet Explorer. Protected Mode settings are not the same for all zones. Enable Protected Mode must be set to the same value (enabled or disabled) for all zones. (WARNING: The server did not provide any stacktrace information)
Command duration or timeout: 2.42 seconds
Build info: version: '2.52.0', revision: '4c2593c', time: '2016-02-11 19:06:42'
System info: host: 'WSR12LAVAQA02', ip: '192.168.21.80', os.name: 'Windows Server 2012 R2', os.arch: 'amd64', os.version: '6.3', java.version: '1.8.0_40'
Driver info: org.openqa.selenium.ie.InternetExplorerDriver
Command duration or timeout: 76.38 seconds
Build info: version: '2.52.0', revision: '4c2593cfc3689a7fcd7be52549167e5ccc93ad28', time: '2016-02-11 11:22:43'
System info: host: 'WLW7-TALLURYS', ip: '192.168.21.55', os.name: 'Windows 7', os.arch: 'amd64', os.version: '6.1', java.version: '1.8.0_40'
Driver info: org.openqa.selenium.remote.RemoteWebDriver
]]></system-out>
  </testcase>
  <testcase name="verifyDashBoardLink" classname="lavante.recovery.testsuites.SanityTestSuite" time="0">
    <skipped/>
  </testcase>
  <testcase name="verifyAuditLink" classname="lavante.recovery.testsuites.SanityTestSuite" time="0">
    <skipped/>
  </testcase>
  <testcase name="verifyClaimsPage" classname="lavante.recovery.testsuites.SanityTestSuite" time="0">
    <skipped/>
  </testcase>
  <testcase name="verifyInvoicesPage" classname="lavante.recovery.testsuites.SanityTestSuite" time="0">
    <skipped/>
  </testcase>
  <testcase name="verifyConfigTab" classname="lavante.recovery.testsuites.SanityTestSuite" time="0">
    <skipped/>
  </testcase>
  <testcase name="verifyAssignmentsPage" classname="lavante.recovery.testsuites.SanityTestSuite" time="0">
    <skipped/>
  </testcase>
  <testcase name="verifyDashBoardClaims" classname="lavante.recovery.testsuites.SanityTestSuite" time="0">
    <skipped/>
  </testcase>
  <testcase name="verifyDashBoardSupplier" classname="lavante.recovery.testsuites.SanityTestSuite" time="0">
    <skipped/>
  </testcase>
  <testcase name="verifyDashBoardCompliance" classname="lavante.recovery.testsuites.SanityTestSuite" time="0">
    <skipped/>
  </testcase>
  <testcase name="verifyauditOutboundPage" classname="lavante.recovery.testsuites.SanityTestSuite" time="0">
    <skipped/>
  </testcase>
  <testcase name="verifyauditInboundPage" classname="lavante.recovery.testsuites.SanityTestSuite" time="0">
    <skipped/>
  </testcase>
  <testcase name="verifycontactEntryPage" classname="lavante.recovery.testsuites.SanityTestSuite" time="0">
    <skipped/>
  </testcase>
  <testcase name="verifyBatchingPage" classname="lavante.recovery.testsuites.SanityTestSuite" time="0">
    <skipped/>
  </testcase>
  <testcase name="verifyInvoicePage" classname="lavante.recovery.testsuites.SanityTestSuite" time="0">
    <skipped/>
  </testcase>
  <testcase name="verifyPossibleDupesPage" classname="lavante.recovery.testsuites.SanityTestSuite" time="0">
    <skipped/>
  </testcase>
  <testcase name="verifySummaryPage" classname="lavante.recovery.testsuites.SanityTestSuite" time="0">
    <skipped/>
  </testcase>
  <testcase name="verifyCheckRegistryPage" classname="lavante.recovery.testsuites.SanityTestSuite" time="0">
    <skipped/>
  </testcase>
  <testcase name="verifySetupPage" classname="lavante.recovery.testsuites.SanityTestSuite" time="0">
    <skipped/>
  </testcase>
  <testcase name="verifyFaxJobsPage" classname="lavante.recovery.testsuites.SanityTestSuite" time="0">
    <skipped/>
  </testcase>
  <testcase name="verifyAccountPage" classname="lavante.recovery.testsuites.SanityTestSuite" time="0">
    <skipped/>
  </testcase>
  <testcase name="verifyFinancePage" classname="lavante.recovery.testsuites.SanityTestSuite" time="0">
    <skipped/>
  </testcase>
  <testcase name="verifyUploadsPage" classname="lavante.recovery.testsuites.SanityTestSuite" time="0">
    <skipped/>
  </testcase>
  <testcase name="verifyOthersPage" classname="lavante.recovery.testsuites.SanityTestSuite" time="0">
    <skipped/>
  </testcase>
  <testcase name="verifyMailerRegistryPage" classname="lavante.recovery.testsuites.SanityTestSuite" time="0">
    <skipped/>
  </testcase>
  <testcase name="verifyauditStatisticsAssignmentsPage" classname="lavante.recovery.testsuites.SanityTestSuite" time="0">
    <skipped/>
  </testcase>
  <testcase name="verifyHoldsAssignmentsPage" classname="lavante.recovery.testsuites.SanityTestSuite" time="0">
    <skipped/>
  </testcase>
  <testcase name="verifyCreditsAssignmentsPage" classname="lavante.recovery.testsuites.SanityTestSuite" time="0">
    <skipped/>
  </testcase>
  <testcase name="verifyStatementsAssignmentsPage" classname="lavante.recovery.testsuites.SanityTestSuite" time="0">
    <skipped/>
  </testcase>
  <testcase name="verifySetupAuditPage" classname="lavante.recovery.testsuites.SanityTestSuite" time="0">
    <skipped/>
  </testcase>
  <testcase name="verifySetupClientPage" classname="lavante.recovery.testsuites.SanityTestSuite" time="0">
    <skipped/>
  </testcase>
  <testcase name="verifySetupBUPage" classname="lavante.recovery.testsuites.SanityTestSuite" time="0">
    <skipped/>
  </testcase>
  <testcase name="verifySetupPreferencesPage" classname="lavante.recovery.testsuites.SanityTestSuite" time="0">
    <skipped/>
  </testcase>
  <testcase name="verifySetupReqLetterPage" classname="lavante.recovery.testsuites.SanityTestSuite" time="0">
    <skipped/>
  </testcase>
  <testcase name="verifySetupManageCurrencyPage" classname="lavante.recovery.testsuites.SanityTestSuite" time="0">
    <skipped/>
  </testcase>
  <testcase name="verifyBackGroundJobsPage" classname="lavante.recovery.testsuites.SanityTestSuite" time="0">
    <skipped/>
  </testcase>
  <testcase name="verifyAccountUsersPage" classname="lavante.recovery.testsuites.SanityTestSuite" time="0">
    <skipped/>
  </testcase>
  <testcase name="verifyAccountUserGroupsPage" classname="lavante.recovery.testsuites.SanityTestSuite" time="0">
    <skipped/>
  </testcase>
  <testcase name="verifyAccountAuditGroupsPage" classname="lavante.recovery.testsuites.SanityTestSuite" time="0">
    <skipped/>
  </testcase>
  <testcase name="verifyAccountNotificationPage" classname="lavante.recovery.testsuites.SanityTestSuite" time="0">
    <skipped/>
  </testcase>
  <testcase name="verifyFinInvoicesPage" classname="lavante.recovery.testsuites.SanityTestSuite" time="0">
    <skipped/>
  </testcase>
  <testcase name="verifyFinContractDetailsPage" classname="lavante.recovery.testsuites.SanityTestSuite" time="0">
    <skipped/>
  </testcase>
  <testcase name="verifyOthersFaxCommentsPage" classname="lavante.recovery.testsuites.SanityTestSuite" time="0">
    <skipped/>
  </testcase>
  <testcase name="verifyCreditrejectionPage" classname="lavante.recovery.testsuites.SanityTestSuite" time="0">
    <skipped/>
  </testcase>
  <testcase name="verifyPhoneExtensionPage" classname="lavante.recovery.testsuites.SanityTestSuite" time="0">
    <skipped/>
  </testcase>
  <testcase name="clean" classname="lavante.recovery.testsuites.SanityTestSuite" time="0">
    <skipped/>
  </testcase>
</testsuite>