<?xml version="1.0" encoding="UTF-8"?>
<testsuite name="TestSuite" time="29.522" tests="63" errors="0" skipped="60" failures="3">
  <properties>
[...]
</properties>
  <testcase name="preCondition" classname="lavante.recovery.testsuites.SanityTestSuite" time="29.522">
    <failure message="Fail: Application is not Launched.no such element&#10;  (Session info: chrome=51.0.2704.79)&#10;  (Driver info: chromedriver=2.9.248315,platform=Windows NT 6.3 x86_64) (WARNING: The server did not provide any stacktrace information)&#10;Command duration or timeout: 260 milliseconds&#10;For documentation on this error, please visit: http://seleniumhq.org/exceptions/no_such_element.html&#10;Build info: version: &apos;2.52.0&apos;, revision: &apos;4c2593c&apos;, time: &apos;2016-02-11 19:06:42&apos;&#10;System info: host: &apos;WSR12LAVAQA01&apos;, ip: &apos;192.168.21.81&apos;, os.name: &apos;Windows Server 2012 R2&apos;, os.arch: &apos;amd64&apos;, os.version: &apos;6.3&apos;, java.version: &apos;1.8.0_40&apos;&#10;Driver info: org.openqa.selenium.chrome.ChromeDriver&#10;Capabilities [{applicationCacheEnabled=false, rotatable=false, chrome={userDataDir=C:\Users\LAVANT~1\AppData\Local\Temp\2\scoped_dir4760_28149}, takesHeapSnapshot=true, databaseEnabled=false, handlesAlerts=true, version=51.0.2704.79, platform=WIN8_1, browserConnectionEnabled=false, nativeEvents=true, acceptSslCerts=true, locationContextEnabled=true, webStorageEnabled=true, browserName=chrome, takesScreenshot=true, javascriptEnabled=true, cssSelectorsEnabled=true}]&#10;Session ID: 960a552b039dafca7d8dee0bbd53ae00&#10;*** Element info: {Using=name, value=overridelink}&#10;Command duration or timeout: 2.24 seconds&#10;For documentation on this error, please visit: http://seleniumhq.org/exceptions/no_such_element.html&#10;Build info: version: &apos;2.52.0&apos;, revision: &apos;4c2593cfc3689a7fcd7be52549167e5ccc93ad28&apos;, time: &apos;2016-02-11 11:22:43&apos;&#10;System info: host: &apos;WLW7-TALLURYS&apos;, ip: &apos;192.168.21.55&apos;, os.name: &apos;Windows 7&apos;, os.arch: &apos;amd64&apos;, os.version: &apos;6.1&apos;, java.version: &apos;1.8.0_40&apos;&#10;Driver info: org.openqa.selenium.remote.RemoteWebDriver&#10;Capabilities [{applicationCacheEnabled=false, rotatable=false, chrome={userDataDir=C:\Users\LAVANT~1\AppData\Local\Temp\2\scoped_dir4760_28149}, takesHeapSnapshot=true, databaseEnabled=false, handlesAlerts=true, version=51.0.2704.79, platform=WIN8_1, browserConnectionEnabled=false, nativeEvents=true, acceptSslCerts=true, webdriver.remote.sessionid=16ef2de9-ba81-4ca5-94ba-bae42cc44911, locationContextEnabled=true, webStorageEnabled=true, browserName=chrome, takesScreenshot=true, javascriptEnabled=true, cssSelectorsEnabled=true}]&#10;Session ID: 16ef2de9-ba81-4ca5-94ba-bae42cc44911&#10;*** Element info: {Using=name, value=overridelink}" type="java.lang.AssertionError">java.lang.AssertionError: Fail: Application is not Launched.no such element
  (Session info: chrome=51.0.2704.79)
  (Driver info: chromedriver=2.9.248315,platform=Windows NT 6.3 x86_64) (WARNING: The server did not provide any stacktrace information)
Command duration or timeout: 260 milliseconds
For documentation on this error, please visit: http://seleniumhq.org/exceptions/no_such_element.html
Build info: version: '2.52.0', revision: '4c2593c', time: '2016-02-11 19:06:42'
System info: host: 'WSR12LAVAQA01', ip: '192.168.21.81', os.name: 'Windows Server 2012 R2', os.arch: 'amd64', os.version: '6.3', java.version: '1.8.0_40'
Driver info: org.openqa.selenium.chrome.ChromeDriver
Capabilities [{applicationCacheEnabled=false, rotatable=false, chrome={userDataDir=C:\Users\LAVANT~1\AppData\Local\Temp\2\scoped_dir4760_28149}, takesHeapSnapshot=true, databaseEnabled=false, handlesAlerts=true, version=51.0.2704.79, platform=WIN8_1, browserConnectionEnabled=false, nativeEvents=true, acceptSslCerts=true, locationContextEnabled=true, webStorageEnabled=true, browserName=chrome, takesScreenshot=true, javascriptEnabled=true, cssSelectorsEnabled=true}]
Session ID: 960a552b039dafca7d8dee0bbd53ae00
*** Element info: {Using=name, value=overridelink}
Command duration or timeout: 2.24 seconds
For documentation on this error, please visit: http://seleniumhq.org/exceptions/no_such_element.html
Build info: version: '2.52.0', revision: '4c2593cfc3689a7fcd7be52549167e5ccc93ad28', time: '2016-02-11 11:22:43'
System info: host: 'WLW7-TALLURYS', ip: '192.168.21.55', os.name: 'Windows 7', os.arch: 'amd64', os.version: '6.1', java.version: '1.8.0_40'
Driver info: org.openqa.selenium.remote.RemoteWebDriver
Capabilities [{applicationCacheEnabled=false, rotatable=false, chrome={userDataDir=C:\Users\LAVANT~1\AppData\Local\Temp\2\scoped_dir4760_28149}, takesHeapSnapshot=true, databaseEnabled=false, handlesAlerts=true, version=51.0.2704.79, platform=WIN8_1, browserConnectionEnabled=false, nativeEvents=true, acceptSslCerts=true, webdriver.remote.sessionid=16ef2de9-ba81-4ca5-94ba-bae42cc44911, locationContextEnabled=true, webStorageEnabled=true, browserName=chrome, takesScreenshot=true, javascriptEnabled=true, cssSelectorsEnabled=true}]
Session ID: 16ef2de9-ba81-4ca5-94ba-bae42cc44911
*** Element info: {Using=name, value=overridelink}
	at org.testng.Assert.fail(Assert.java:94)
	at lavante.recovery.utilities.Report.fail(Report.java:20)
	at lavante.recovery.utilities.seleniumBaseClass.launchAppThroughPOM(seleniumBaseClass.java:128)
	at lavante.recovery.testsuites.SanityTestSuite.preCondition(SanityTestSuite.java:31)
</failure>
    <system-out><![CDATA[Pass: Confiig filejava.io.FileInputStream@51081592found
Pass: Confiig filejava.io.FileInputStream@6a41eaa2found
Pass: Confiig filejava.io.FileInputStream@5622fdffound
Info: Broweser Parameters : Browser : internet Explorer, Version :11
Info: Remote Parameters : RemoteURL : http://192.168.21.20:4445, RemoteExecution :true
AS
Info: Broweser Parameters : Browser : firefox, Version :44
Info: Remote Parameters : RemoteURL : http://192.168.21.20:4445, RemoteExecution :true
Info: Broweser Parameters : Browser : chrome, Version :45
Info: Remote Parameters : RemoteURL : http://192.168.21.20:4445, RemoteExecution :true
Capabilities [{applicationCacheEnabled=false, ensureCleanSession=true, nativeEvents=false, acceptSslCerts=true, browserName=internet explorer, javascriptEnabled=true, ignoreZoomSetting=true, ignoreProtectedModeSettings=true, handlesAlerts=true, version=, platform=WINDOWS, unexpectedAlertBehaviour=true}]
Capabilities [{browserName=firefox, version=, platform=ANY}]
Capabilities [{browserName=chrome, chromeOptions=org.openqa.selenium.chrome.ChromeOptions@c7151238, version=, platform=ANY}]
Pass: Confiig filejava.io.FileInputStream@14c4d212found
Pass: Confiig filejava.io.FileInputStream@49bab07found
Pass: Confiig filejava.io.FileInputStream@4f2729ccfound
Pass: Confiig filejava.io.FileInputStream@6fed386dfound
Pass: Confiig filejava.io.FileInputStream@71defed9found
Pass: Confiig filejava.io.FileInputStream@756e14b6found
Pass: Confiig filejava.io.FileInputStream@300e62f8found
Pass: Confiig filejava.io.FileInputStream@46d2ee35found
Pass: Confiig filejava.io.FileInputStream@72ac7f5cfound
Pass: Confiig filejava.io.FileInputStream@4aff12cfound
Pass: Confiig filejava.io.FileInputStream@12084da9found
Pass: Confiig filejava.io.FileInputStream@5442f9fcfound
Pass: Confiig filejava.io.FileInputStream@7b67652dfound
Pass: Confiig filejava.io.FileInputStream@6dbe7293found
Pass: Confiig filejava.io.FileInputStream@16deab6dfound
Pass: Confiig filejava.io.FileInputStream@212eb027found
Pass: Confiig filejava.io.FileInputStream@135d72e6found
Pass: Confiig filejava.io.FileInputStream@2b6df072found
Pass: Confiig filejava.io.FileInputStream@7a1f4663found
Pass: Confiig filejava.io.FileInputStream@77aba6ddfound
Pass: Confiig filejava.io.FileInputStream@1b32deaafound
Pass: Confiig filejava.io.FileInputStream@b4ba819found
Pass: Confiig filejava.io.FileInputStream@680e1207found
Pass: Confiig filejava.io.FileInputStream@7c90b744found
Pass: Confiig filejava.io.FileInputStream@2329fc9afound
Pass: Confiig filejava.io.FileInputStream@1e38364cfound
Pass: Confiig filejava.io.FileInputStream@3389d145found
Pass: Confiig filejava.io.FileInputStream@57b74d57found
Pass: Confiig filejava.io.FileInputStream@34a74f3bfound
Pass: Confiig filejava.io.FileInputStream@456b1c5ffound
Pass: Confiig filejava.io.FileInputStream@4f032584found
Pass: Confiig filejava.io.FileInputStream@233203ecfound
Pass: Confiig filejava.io.FileInputStream@2fe2b5defound
Pass: Confiig filejava.io.FileInputStream@119b611ffound
Pass: Confiig filejava.io.FileInputStream@e50942ffound
Pass: Confiig filejava.io.FileInputStream@4f59efa8found
Pass: Confiig filejava.io.FileInputStream@455d96cffound
Pass: Confiig filejava.io.FileInputStream@47d72486found
Pass: Confiig filejava.io.FileInputStream@15df5df4found
Pass: Confiig filejava.io.FileInputStream@3140b694found
Pass: Confiig filejava.io.FileInputStream@82ee972found
Info: ------------Test ' loginWithValidCredentials ' Started------------
Pass: 'adminuser1' is entered in userName_txtField
Pass: 'lavante@123' is entered in password_TextField
Pass: 'login_Button' is clicked
Pass: 'quickSearch_Form' is displayed
Fail: Application is not Launched.no such element
  (Session info: chrome=51.0.2704.79)
  (Driver info: chromedriver=2.9.248315,platform=Windows NT 6.3 x86_64) (WARNING: The server did not provide any stacktrace information)
Command duration or timeout: 260 milliseconds
For documentation on this error, please visit: http://seleniumhq.org/exceptions/no_such_element.html
Build info: version: '2.52.0', revision: '4c2593c', time: '2016-02-11 19:06:42'
System info: host: 'WSR12LAVAQA01', ip: '192.168.21.81', os.name: 'Windows Server 2012 R2', os.arch: 'amd64', os.version: '6.3', java.version: '1.8.0_40'
Driver info: org.openqa.selenium.chrome.ChromeDriver
Capabilities [{applicationCacheEnabled=false, rotatable=false, chrome={userDataDir=C:\Users\LAVANT~1\AppData\Local\Temp\2\scoped_dir4760_28149}, takesHeapSnapshot=true, databaseEnabled=false, handlesAlerts=true, version=51.0.2704.79, platform=WIN8_1, browserConnectionEnabled=false, nativeEvents=true, acceptSslCerts=true, locationContextEnabled=true, webStorageEnabled=true, browserName=chrome, takesScreenshot=true, javascriptEnabled=true, cssSelectorsEnabled=true}]
Session ID: 960a552b039dafca7d8dee0bbd53ae00
*** Element info: {Using=name, value=overridelink}
Command duration or timeout: 2.24 seconds
For documentation on this error, please visit: http://seleniumhq.org/exceptions/no_such_element.html
Build info: version: '2.52.0', revision: '4c2593cfc3689a7fcd7be52549167e5ccc93ad28', time: '2016-02-11 11:22:43'
System info: host: 'WLW7-TALLURYS', ip: '192.168.21.55', os.name: 'Windows 7', os.arch: 'amd64', os.version: '6.1', java.version: '1.8.0_40'
Driver info: org.openqa.selenium.remote.RemoteWebDriver
Capabilities [{applicationCacheEnabled=false, rotatable=false, chrome={userDataDir=C:\Users\LAVANT~1\AppData\Local\Temp\2\scoped_dir4760_28149}, takesHeapSnapshot=true, databaseEnabled=false, handlesAlerts=true, version=51.0.2704.79, platform=WIN8_1, browserConnectionEnabled=false, nativeEvents=true, acceptSslCerts=true, webdriver.remote.sessionid=16ef2de9-ba81-4ca5-94ba-bae42cc44911, locationContextEnabled=true, webStorageEnabled=true, browserName=chrome, takesScreenshot=true, javascriptEnabled=true, cssSelectorsEnabled=true}]
Session ID: 16ef2de9-ba81-4ca5-94ba-bae42cc44911
*** Element info: {Using=name, value=overridelink}
]]></system-out>
  </testcase>
  <testcase name="preCondition" classname="lavante.recovery.testsuites.SanityTestSuite" time="6.552">
    <failure message="Unable to find element with css selector == div[style*=&apos;block&apos;] [title*=&apos;close&apos;] (WARNING: The server did not provide any stacktrace information)&#10;Command duration or timeout: 10.23 seconds&#10;For documentation on this error, please visit: http://seleniumhq.org/exceptions/no_such_element.html&#10;Build info: version: &apos;2.52.0&apos;, revision: &apos;4c2593c&apos;, time: &apos;2016-02-11 19:06:42&apos;&#10;System info: host: &apos;WSR12LAVAQA02&apos;, ip: &apos;192.168.21.80&apos;, os.name: &apos;Windows Server 2012 R2&apos;, os.arch: &apos;amd64&apos;, os.version: &apos;6.3&apos;, java.version: &apos;1.8.0_40&apos;&#10;Driver info: org.openqa.selenium.ie.InternetExplorerDriver&#10;Capabilities [{browserAttachTimeout=0, enablePersistentHover=false, ie.forceCreateProcessApi=false, ie.usePerProcessProxy=false, ignoreZoomSetting=true, handlesAlerts=true, version=11, platform=WINDOWS, nativeEvents=false, ie.ensureCleanSession=false, elementScrollBehavior=0, ie.browserCommandLineSwitches=, requireWindowFocus=false, browserName=internet explorer, initialBrowserUrl=http://localhost:39070/, takesScreenshot=true, javascriptEnabled=true, ignoreProtectedModeSettings=true, enableElementCacheCleanup=true, cssSelectorsEnabled=true, unexpectedAlertBehaviour=dismiss}]&#10;Session ID: ddaf21f4-fd0c-4fd0-975d-8256a985f217&#10;*** Element info: {Using=css selector, value=div[style*=&apos;block&apos;] [title*=&apos;close&apos;]}&#10;Command duration or timeout: 10.42 seconds&#10;For documentation on this error, please visit: http://seleniumhq.org/exceptions/no_such_element.html&#10;Build info: version: &apos;2.52.0&apos;, revision: &apos;4c2593cfc3689a7fcd7be52549167e5ccc93ad28&apos;, time: &apos;2016-02-11 11:22:43&apos;&#10;System info: host: &apos;WLW7-TALLURYS&apos;, ip: &apos;192.168.21.55&apos;, os.name: &apos;Windows 7&apos;, os.arch: &apos;amd64&apos;, os.version: &apos;6.1&apos;, java.version: &apos;1.8.0_40&apos;&#10;Driver info: org.openqa.selenium.remote.RemoteWebDriver&#10;Capabilities [{browserAttachTimeout=0, enablePersistentHover=false, ie.forceCreateProcessApi=false, ie.usePerProcessProxy=false, ignoreZoomSetting=true, handlesAlerts=true, version=11, platform=WINDOWS, nativeEvents=false, ie.ensureCleanSession=false, elementScrollBehavior=0, ie.browserCommandLineSwitches=, webdriver.remote.sessionid=a1a5f858-3142-4896-88e8-7c1a0f0bf556, requireWindowFocus=false, browserName=internet explorer, initialBrowserUrl=http://localhost:39070/, takesScreenshot=true, javascriptEnabled=true, ignoreProtectedModeSettings=true, enableElementCacheCleanup=true, cssSelectorsEnabled=true, unexpectedAlertBehaviour=dismiss}]&#10;Session ID: a1a5f858-3142-4896-88e8-7c1a0f0bf556&#10;*** Element info: {Using=css selector, value=div[style*=&apos;block&apos;] [title*=&apos;close&apos;]}" type="org.openqa.selenium.NoSuchElementException">org.openqa.selenium.NoSuchElementException: Unable to find element with css selector == div[style*='block'] [title*='close'] (WARNING: The server did not provide any stacktrace information)
Command duration or timeout: 10.23 seconds
For documentation on this error, please visit: http://seleniumhq.org/exceptions/no_such_element.html
Build info: version: '2.52.0', revision: '4c2593c', time: '2016-02-11 19:06:42'
System info: host: 'WSR12LAVAQA02', ip: '192.168.21.80', os.name: 'Windows Server 2012 R2', os.arch: 'amd64', os.version: '6.3', java.version: '1.8.0_40'
Driver info: org.openqa.selenium.ie.InternetExplorerDriver
Capabilities [{browserAttachTimeout=0, enablePersistentHover=false, ie.forceCreateProcessApi=false, ie.usePerProcessProxy=false, ignoreZoomSetting=true, handlesAlerts=true, version=11, platform=WINDOWS, nativeEvents=false, ie.ensureCleanSession=false, elementScrollBehavior=0, ie.browserCommandLineSwitches=, requireWindowFocus=false, browserName=internet explorer, initialBrowserUrl=http://localhost:39070/, takesScreenshot=true, javascriptEnabled=true, ignoreProtectedModeSettings=true, enableElementCacheCleanup=true, cssSelectorsEnabled=true, unexpectedAlertBehaviour=dismiss}]
Session ID: ddaf21f4-fd0c-4fd0-975d-8256a985f217
*** Element info: {Using=css selector, value=div[style*='block'] [title*='close']}
Command duration or timeout: 10.42 seconds
For documentation on this error, please visit: http://seleniumhq.org/exceptions/no_such_element.html
Build info: version: '2.52.0', revision: '4c2593cfc3689a7fcd7be52549167e5ccc93ad28', time: '2016-02-11 11:22:43'
System info: host: 'WLW7-TALLURYS', ip: '192.168.21.55', os.name: 'Windows 7', os.arch: 'amd64', os.version: '6.1', java.version: '1.8.0_40'
Driver info: org.openqa.selenium.remote.RemoteWebDriver
Capabilities [{browserAttachTimeout=0, enablePersistentHover=false, ie.forceCreateProcessApi=false, ie.usePerProcessProxy=false, ignoreZoomSetting=true, handlesAlerts=true, version=11, platform=WINDOWS, nativeEvents=false, ie.ensureCleanSession=false, elementScrollBehavior=0, ie.browserCommandLineSwitches=, webdriver.remote.sessionid=a1a5f858-3142-4896-88e8-7c1a0f0bf556, requireWindowFocus=false, browserName=internet explorer, initialBrowserUrl=http://localhost:39070/, takesScreenshot=true, javascriptEnabled=true, ignoreProtectedModeSettings=true, enableElementCacheCleanup=true, cssSelectorsEnabled=true, unexpectedAlertBehaviour=dismiss}]
Session ID: a1a5f858-3142-4896-88e8-7c1a0f0bf556
*** Element info: {Using=css selector, value=div[style*='block'] [title*='close']}
	at org.openqa.selenium.remote.ErrorHandler.throwIfResponseFailed(ErrorHandler.java:138)
	at org.openqa.selenium.remote.RemoteWebDriver.execute(RemoteWebDriver.java:678)
	at org.openqa.selenium.remote.RemoteWebDriver.findElement(RemoteWebDriver.java:363)
	at org.openqa.selenium.remote.RemoteWebDriver.findElementByCssSelector(RemoteWebDriver.java:492)
	at org.openqa.selenium.By$ByCssSelector.findElement(By.java:430)
	at org.openqa.selenium.remote.RemoteWebDriver.findElement(RemoteWebDriver.java:355)
	at org.openqa.selenium.support.pagefactory.DefaultElementLocator.findElement(DefaultElementLocator.java:69)
	at org.openqa.selenium.support.pagefactory.internal.LocatingElementHandler.invoke(LocatingElementHandler.java:38)
	at com.sun.proxy.$Proxy6.isDisplayed(Unknown Source)
	at lavante.recovery.pageobjects.HomePage.verifyBrowserStartPopUp(HomePage.java:28)
	at lavante.recovery.testsuites.SanityTestSuite.preCondition(SanityTestSuite.java:46)
Caused by: org.openqa.selenium.NoSuchElementException: Unable to find element with css selector == div[style*='block'] [title*='close'] (WARNING: The server did not provide any stacktrace information)
Command duration or timeout: 10.23 seconds
For documentation on this error, please visit: http://seleniumhq.org/exceptions/no_such_element.html
Build info: version: '2.52.0', revision: '4c2593c', time: '2016-02-11 19:06:42'
System info: host: 'WSR12LAVAQA02', ip: '192.168.21.80', os.name: 'Windows Server 2012 R2', os.arch: 'amd64', os.version: '6.3', java.version: '1.8.0_40'
Driver info: org.openqa.selenium.ie.InternetExplorerDriver
Capabilities [{browserAttachTimeout=0, enablePersistentHover=false, ie.forceCreateProcessApi=false, ie.usePerProcessProxy=false, ignoreZoomSetting=true, handlesAlerts=true, version=11, platform=WINDOWS, nativeEvents=false, ie.ensureCleanSession=false, elementScrollBehavior=0, ie.browserCommandLineSwitches=, requireWindowFocus=false, browserName=internet explorer, initialBrowserUrl=http://localhost:39070/, takesScreenshot=true, javascriptEnabled=true, ignoreProtectedModeSettings=true, enableElementCacheCleanup=true, cssSelectorsEnabled=true, unexpectedAlertBehaviour=dismiss}]
Session ID: ddaf21f4-fd0c-4fd0-975d-8256a985f217
*** Element info: {Using=css selector, value=div[style*='block'] [title*='close']}
For documentation on this error, please visit: http://seleniumhq.org/exceptions/no_such_element.html
Build info: version: '2.52.0', revision: '4c2593cfc3689a7fcd7be52549167e5ccc93ad28', time: '2016-02-11 11:22:43'
System info: host: 'WLW7-TALLURYS', ip: '192.168.21.55', os.name: 'Windows 7', os.arch: 'amd64', os.version: '6.1', java.version: '1.8.0_40'
Driver info: driver.version: EventFiringWebDriver
	at sun.reflect.GeneratedConstructorAccessor19.newInstance(Unknown Source)
	at sun.reflect.DelegatingConstructorAccessorImpl.newInstance(Unknown Source)
	at java.lang.reflect.Constructor.newInstance(Unknown Source)
	at org.openqa.selenium.remote.ErrorHandler.createThrowable(ErrorHandler.java:206)
	at org.openqa.selenium.remote.ErrorHandler.throwIfResponseFailed(ErrorHandler.java:158)
	at org.openqa.selenium.remote.RemoteWebDriver.execute(RemoteWebDriver.java:678)
	at org.openqa.selenium.remote.RemoteWebDriver.findElement(RemoteWebDriver.java:363)
	at org.openqa.selenium.remote.RemoteWebDriver.findElementByCssSelector(RemoteWebDriver.java:492)
	at org.openqa.selenium.By$ByCssSelector.findElement(By.java:430)
	at org.openqa.selenium.remote.RemoteWebDriver.findElement(RemoteWebDriver.java:355)
	at sun.reflect.GeneratedMethodAccessor8.invoke(Unknown Source)
	at sun.reflect.DelegatingMethodAccessorImpl.invoke(Unknown Source)
	at java.lang.reflect.Method.invoke(Unknown Source)
	at org.openqa.selenium.support.events.EventFiringWebDriver$2.invoke(EventFiringWebDriver.java:103)
	at com.sun.proxy.$Proxy1.findElement(Unknown Source)
	at org.openqa.selenium.support.events.EventFiringWebDriver.findElement(EventFiringWebDriver.java:188)
	at org.openqa.selenium.remote.server.handler.FindElement.call(FindElement.java:48)
	at org.openqa.selenium.remote.server.handler.FindElement.call(FindElement.java:1)
	at java.util.concurrent.FutureTask.run(Unknown Source)
	at org.openqa.selenium.remote.server.DefaultSession$1.run(DefaultSession.java:176)
	at java.util.concurrent.ThreadPoolExecutor.runWorker(Unknown Source)
	at java.util.concurrent.ThreadPoolExecutor$Worker.run(Unknown Source)
	at java.lang.Thread.run(Unknown Source)
</failure>
  </testcase>
  <testcase name="preCondition" classname="lavante.recovery.testsuites.SanityTestSuite" time="30.347">
    <failure message="Fail: Application is not Launched.Unable to connect to host 127.0.0.1 on port 7055 after 45000 ms. Firefox console output:&#10;&#10;Command duration or timeout: 65.44 seconds&#10;Build info: version: &apos;2.52.0&apos;, revision: &apos;4c2593cfc3689a7fcd7be52549167e5ccc93ad28&apos;, time: &apos;2016-02-11 11:22:43&apos;&#10;System info: host: &apos;WLW7-TALLURYS&apos;, ip: &apos;192.168.21.55&apos;, os.name: &apos;Windows 7&apos;, os.arch: &apos;amd64&apos;, os.version: &apos;6.1&apos;, java.version: &apos;1.8.0_40&apos;&#10;Driver info: org.openqa.selenium.remote.RemoteWebDriver" type="java.lang.AssertionError">java.lang.AssertionError: Fail: Application is not Launched.Unable to connect to host 127.0.0.1 on port 7055 after 45000 ms. Firefox console output:

Command duration or timeout: 65.44 seconds
Build info: version: '2.52.0', revision: '4c2593cfc3689a7fcd7be52549167e5ccc93ad28', time: '2016-02-11 11:22:43'
System info: host: 'WLW7-TALLURYS', ip: '192.168.21.55', os.name: 'Windows 7', os.arch: 'amd64', os.version: '6.1', java.version: '1.8.0_40'
Driver info: org.openqa.selenium.remote.RemoteWebDriver
	at org.testng.Assert.fail(Assert.java:94)
	at lavante.recovery.utilities.Report.fail(Report.java:20)
	at lavante.recovery.utilities.seleniumBaseClass.launchAppThroughPOM(seleniumBaseClass.java:128)
	at lavante.recovery.testsuites.SanityTestSuite.preCondition(SanityTestSuite.java:31)
</failure>
    <system-out><![CDATA[Fail: Application is not Launched.Unable to connect to host 127.0.0.1 on port 7055 after 45000 ms. Firefox console output:

Command duration or timeout: 65.44 seconds
Build info: version: '2.52.0', revision: '4c2593cfc3689a7fcd7be52549167e5ccc93ad28', time: '2016-02-11 11:22:43'
System info: host: 'WLW7-TALLURYS', ip: '192.168.21.55', os.name: 'Windows 7', os.arch: 'amd64', os.version: '6.1', java.version: '1.8.0_40'
Driver info: org.openqa.selenium.remote.RemoteWebDriver
]]></system-out>
  </testcase>
  <testcase name="verifyDashBoardClaims" classname="lavante.recovery.testsuites.SanityTestSuite" time="0">
    <skipped/>
  </testcase>
  <testcase name="verifyDashBoardClaims" classname="lavante.recovery.testsuites.SanityTestSuite" time="0">
    <skipped/>
  </testcase>
  <testcase name="verifyDashBoardClaims" classname="lavante.recovery.testsuites.SanityTestSuite" time="0">
    <skipped/>
  </testcase>
  <testcase name="verifyDashBoardSupplier" classname="lavante.recovery.testsuites.SanityTestSuite" time="0">
    <skipped/>
  </testcase>
  <testcase name="verifyDashBoardSupplier" classname="lavante.recovery.testsuites.SanityTestSuite" time="0">
    <skipped/>
  </testcase>
  <testcase name="verifyDashBoardSupplier" classname="lavante.recovery.testsuites.SanityTestSuite" time="0">
    <skipped/>
  </testcase>
  <testcase name="verifyDashBoardCompliance" classname="lavante.recovery.testsuites.SanityTestSuite" time="0">
    <skipped/>
  </testcase>
  <testcase name="verifyDashBoardCompliance" classname="lavante.recovery.testsuites.SanityTestSuite" time="0">
    <skipped/>
  </testcase>
  <testcase name="verifyDashBoardCompliance" classname="lavante.recovery.testsuites.SanityTestSuite" time="0">
    <skipped/>
  </testcase>
  <testcase name="verifyauditOutboundPage" classname="lavante.recovery.testsuites.SanityTestSuite" time="0">
    <skipped/>
  </testcase>
  <testcase name="verifyauditOutboundPage" classname="lavante.recovery.testsuites.SanityTestSuite" time="0">
    <skipped/>
  </testcase>
  <testcase name="verifyauditOutboundPage" classname="lavante.recovery.testsuites.SanityTestSuite" time="0">
    <skipped/>
  </testcase>
  <testcase name="verifyauditInboundPage" classname="lavante.recovery.testsuites.SanityTestSuite" time="0">
    <skipped/>
  </testcase>
  <testcase name="verifyauditInboundPage" classname="lavante.recovery.testsuites.SanityTestSuite" time="0">
    <skipped/>
  </testcase>
  <testcase name="verifyauditInboundPage" classname="lavante.recovery.testsuites.SanityTestSuite" time="0">
    <skipped/>
  </testcase>
  <testcase name="verifycontactEntryPage" classname="lavante.recovery.testsuites.SanityTestSuite" time="0">
    <skipped/>
  </testcase>
  <testcase name="verifycontactEntryPage" classname="lavante.recovery.testsuites.SanityTestSuite" time="0">
    <skipped/>
  </testcase>
  <testcase name="verifycontactEntryPage" classname="lavante.recovery.testsuites.SanityTestSuite" time="0">
    <skipped/>
  </testcase>
  <testcase name="verifyBatchingPage" classname="lavante.recovery.testsuites.SanityTestSuite" time="0">
    <skipped/>
  </testcase>
  <testcase name="verifyBatchingPage" classname="lavante.recovery.testsuites.SanityTestSuite" time="0">
    <skipped/>
  </testcase>
  <testcase name="verifyBatchingPage" classname="lavante.recovery.testsuites.SanityTestSuite" time="0">
    <skipped/>
  </testcase>
  <testcase name="verifyInvoicePage" classname="lavante.recovery.testsuites.SanityTestSuite" time="0">
    <skipped/>
  </testcase>
  <testcase name="verifyInvoicePage" classname="lavante.recovery.testsuites.SanityTestSuite" time="0">
    <skipped/>
  </testcase>
  <testcase name="verifyInvoicePage" classname="lavante.recovery.testsuites.SanityTestSuite" time="0">
    <skipped/>
  </testcase>
  <testcase name="verifyPossibleDupesPage" classname="lavante.recovery.testsuites.SanityTestSuite" time="0">
    <skipped/>
  </testcase>
  <testcase name="verifyPossibleDupesPage" classname="lavante.recovery.testsuites.SanityTestSuite" time="0">
    <skipped/>
  </testcase>
  <testcase name="verifyPossibleDupesPage" classname="lavante.recovery.testsuites.SanityTestSuite" time="0">
    <skipped/>
  </testcase>
  <testcase name="verifySummaryPage" classname="lavante.recovery.testsuites.SanityTestSuite" time="0">
    <skipped/>
  </testcase>
  <testcase name="verifySummaryPage" classname="lavante.recovery.testsuites.SanityTestSuite" time="0">
    <skipped/>
  </testcase>
  <testcase name="verifySummaryPage" classname="lavante.recovery.testsuites.SanityTestSuite" time="0">
    <skipped/>
  </testcase>
  <testcase name="verifyCheckRegistryPage" classname="lavante.recovery.testsuites.SanityTestSuite" time="0">
    <skipped/>
  </testcase>
  <testcase name="verifyCheckRegistryPage" classname="lavante.recovery.testsuites.SanityTestSuite" time="0">
    <skipped/>
  </testcase>
  <testcase name="verifyCheckRegistryPage" classname="lavante.recovery.testsuites.SanityTestSuite" time="0">
    <skipped/>
  </testcase>
  <testcase name="verifyClaimsPage" classname="lavante.recovery.testsuites.SanityTestSuite" time="0">
    <skipped/>
  </testcase>
  <testcase name="verifyClaimsPage" classname="lavante.recovery.testsuites.SanityTestSuite" time="0">
    <skipped/>
  </testcase>
  <testcase name="verifyClaimsPage" classname="lavante.recovery.testsuites.SanityTestSuite" time="0">
    <skipped/>
  </testcase>
  <testcase name="verifyInvoicesPage" classname="lavante.recovery.testsuites.SanityTestSuite" time="0">
    <skipped/>
  </testcase>
  <testcase name="verifyInvoicesPage" classname="lavante.recovery.testsuites.SanityTestSuite" time="0">
    <skipped/>
  </testcase>
  <testcase name="verifyInvoicesPage" classname="lavante.recovery.testsuites.SanityTestSuite" time="0">
    <skipped/>
  </testcase>
  <testcase name="verifyReportsPage" classname="lavante.recovery.testsuites.SanityTestSuite" time="0">
    <skipped/>
  </testcase>
  <testcase name="verifyReportsPage" classname="lavante.recovery.testsuites.SanityTestSuite" time="0">
    <skipped/>
  </testcase>
  <testcase name="verifyReportsPage" classname="lavante.recovery.testsuites.SanityTestSuite" time="0">
    <skipped/>
  </testcase>
  <testcase name="verifySetupPage" classname="lavante.recovery.testsuites.SanityTestSuite" time="0">
    <skipped/>
  </testcase>
  <testcase name="verifySetupPage" classname="lavante.recovery.testsuites.SanityTestSuite" time="0">
    <skipped/>
  </testcase>
  <testcase name="verifySetupPage" classname="lavante.recovery.testsuites.SanityTestSuite" time="0">
    <skipped/>
  </testcase>
  <testcase name="verifyHoldsAssignmentsPage" classname="lavante.recovery.testsuites.SanityTestSuite" time="0">
    <skipped/>
  </testcase>
  <testcase name="verifyHoldsAssignmentsPage" classname="lavante.recovery.testsuites.SanityTestSuite" time="0">
    <skipped/>
  </testcase>
  <testcase name="verifyHoldsAssignmentsPage" classname="lavante.recovery.testsuites.SanityTestSuite" time="0">
    <skipped/>
  </testcase>
  <testcase name="verifyCreditsAssignmentsPage" classname="lavante.recovery.testsuites.SanityTestSuite" time="0">
    <skipped/>
  </testcase>
  <testcase name="verifyCreditsAssignmentsPage" classname="lavante.recovery.testsuites.SanityTestSuite" time="0">
    <skipped/>
  </testcase>
  <testcase name="verifyCreditsAssignmentsPage" classname="lavante.recovery.testsuites.SanityTestSuite" time="0">
    <skipped/>
  </testcase>
  <testcase name="verifyStatementsAssignmentsPage" classname="lavante.recovery.testsuites.SanityTestSuite" time="0">
    <skipped/>
  </testcase>
  <testcase name="verifyStatementsAssignmentsPage" classname="lavante.recovery.testsuites.SanityTestSuite" time="0">
    <skipped/>
  </testcase>
  <testcase name="verifyStatementsAssignmentsPage" classname="lavante.recovery.testsuites.SanityTestSuite" time="0">
    <skipped/>
  </testcase>
  <testcase name="verifyauditStatisticsAssignmentsPage" classname="lavante.recovery.testsuites.SanityTestSuite" time="0">
    <skipped/>
  </testcase>
  <testcase name="verifyauditStatisticsAssignmentsPage" classname="lavante.recovery.testsuites.SanityTestSuite" time="0">
    <skipped/>
  </testcase>
  <testcase name="verifyauditStatisticsAssignmentsPage" classname="lavante.recovery.testsuites.SanityTestSuite" time="0">
    <skipped/>
  </testcase>
  <testcase name="clean" classname="lavante.recovery.testsuites.SanityTestSuite" time="0">
    <skipped/>
  </testcase>
  <testcase name="clean" classname="lavante.recovery.testsuites.SanityTestSuite" time="0">
    <skipped/>
  </testcase>
  <testcase name="clean" classname="lavante.recovery.testsuites.SanityTestSuite" time="0">
    <skipped/>
  </testcase>
</testsuite>